Using pre-set license
Built from '2021.3/staging' branch; Version is '2021.3.16f1 (4016570cf34f) revision 4200023'; Using compiler version '192829333'; Build Type 'Release'
OS: 'Windows 11  (10.0.22621) 64bit Core' Language: 'en' Physical Memory: 16291 MB
BatchMode: 1, IsHumanControllingUs: 0, StartBugReporterOnCrash: 0, Is64bit: 1, IsPro: 1

COMMAND LINE ARGUMENTS:
C:\Program Files\Unity\Hub\Editor\2021.3.16f1\Editor\Unity.exe
-adb2
-batchMode
-noUpm
-name
AssetImportWorker4
-projectPath
C:/Users/iandi/Documents/GitHub/Studio-Project-4/John Lemon's Haunted Jaunt
-logFile
Logs/AssetImportWorker4.log
-srvPort
59900
Successfully changed project path to: C:/Users/iandi/Documents/GitHub/Studio-Project-4/John Lemon's Haunted Jaunt
C:/Users/iandi/Documents/GitHub/Studio-Project-4/John Lemon's Haunted Jaunt
[UnityMemory] Configuration Parameters - Can be set up in boot.config
    "memorysetup-bucket-allocator-granularity=16"
    "memorysetup-bucket-allocator-bucket-count=8"
    "memorysetup-bucket-allocator-block-size=33554432"
    "memorysetup-bucket-allocator-block-count=8"
    "memorysetup-main-allocator-block-size=16777216"
    "memorysetup-thread-allocator-block-size=16777216"
    "memorysetup-gfx-main-allocator-block-size=16777216"
    "memorysetup-gfx-thread-allocator-block-size=16777216"
    "memorysetup-cache-allocator-block-size=4194304"
    "memorysetup-typetree-allocator-block-size=2097152"
    "memorysetup-profiler-bucket-allocator-granularity=16"
    "memorysetup-profiler-bucket-allocator-bucket-count=8"
    "memorysetup-profiler-bucket-allocator-block-size=33554432"
    "memorysetup-profiler-bucket-allocator-block-count=8"
    "memorysetup-profiler-allocator-block-size=16777216"
    "memorysetup-profiler-editor-allocator-block-size=1048576"
    "memorysetup-temp-allocator-size-main=16777216"
    "memorysetup-job-temp-allocator-block-size=2097152"
    "memorysetup-job-temp-allocator-block-size-background=1048576"
    "memorysetup-job-temp-allocator-reduction-small-platforms=262144"
    "memorysetup-temp-allocator-size-background-worker=32768"
    "memorysetup-temp-allocator-size-job-worker=262144"
    "memorysetup-temp-allocator-size-preload-manager=33554432"
    "memorysetup-temp-allocator-size-nav-mesh-worker=65536"
    "memorysetup-temp-allocator-size-audio-worker=65536"
    "memorysetup-temp-allocator-size-cloud-worker=32768"
    "memorysetup-temp-allocator-size-gi-baking-worker=262144"
    "memorysetup-temp-allocator-size-gfx=262144"
Player connection [30316] Host "[IP] 172.27.177.206 [Port] 0 [Flags] 2 [Guid] 2724787258 [EditorId] 2724787258 [Version] 1048832 [Id] WindowsEditor(7,LAPTOP-R0GP0R55) [Debug] 1 [PackageName] WindowsEditor [ProjectName] Editor" joined multi-casting on [225.0.0.222:54997]...

Player connection [30316] Host "[IP] 172.27.177.206 [Port] 0 [Flags] 2 [Guid] 2724787258 [EditorId] 2724787258 [Version] 1048832 [Id] WindowsEditor(7,LAPTOP-R0GP0R55) [Debug] 1 [PackageName] WindowsEditor [ProjectName] Editor" joined alternative multi-casting on [225.0.0.222:34997]...

Refreshing native plugins compatible for Editor in 84.50 ms, found 2 plugins.
Preloading 0 native plugins for Editor in 0.00 ms.
Initialize engine version: 2021.3.16f1 (4016570cf34f)
[Subsystems] Discovering subsystems at path C:/Program Files/Unity/Hub/Editor/2021.3.16f1/Editor/Data/Resources/UnitySubsystems
[Subsystems] Discovering subsystems at path C:/Users/iandi/Documents/GitHub/Studio-Project-4/John Lemon's Haunted Jaunt/Assets
GfxDevice: creating device client; threaded=0; jobified=0
Direct3D:
    Version:  Direct3D 11.0 [level 11.1]
    Renderer: NVIDIA GeForce RTX 2060 (ID=0x1f15)
    Vendor:   NVIDIA
    VRAM:     5980 MB
    Driver:   31.0.15.1700
Initialize mono
Mono path[0] = 'C:/Program Files/Unity/Hub/Editor/2021.3.16f1/Editor/Data/Managed'
Mono path[1] = 'C:/Program Files/Unity/Hub/Editor/2021.3.16f1/Editor/Data/MonoBleedingEdge/lib/mono/unityjit-win32'
Mono config path = 'C:/Program Files/Unity/Hub/Editor/2021.3.16f1/Editor/Data/MonoBleedingEdge/etc'
Using monoOptions --debugger-agent=transport=dt_socket,embedding=1,server=y,suspend=n,address=127.0.0.1:56108
Begin MonoManager ReloadAssembly
Registering precompiled unity dll's ...
Register platform support module: C:/Program Files/Unity/Hub/Editor/2021.3.16f1/Editor/Data/PlaybackEngines/WebGLSupport/UnityEditor.WebGL.Extensions.dll
Register platform support module: C:/Program Files/Unity/Hub/Editor/2021.3.16f1/Editor/Data/PlaybackEngines/WindowsStandaloneSupport/UnityEditor.WindowsStandalone.Extensions.dll
Registered in 0.011512 seconds.
Native extension for WindowsStandalone target not found
Native extension for WebGL target not found
Refreshing native plugins compatible for Editor in 70.18 ms, found 2 plugins.
Preloading 0 native plugins for Editor in 0.00 ms.
Mono: successfully reloaded assembly
- Completed reload, in  0.813 seconds
Domain Reload Profiling:
	ReloadAssembly (813ms)
		BeginReloadAssembly (112ms)
			ExecutionOrderSort (0ms)
			DisableScriptedObjects (0ms)
			BackupInstance (0ms)
			ReleaseScriptingObjects (0ms)
			CreateAndSetChildDomain (1ms)
		EndReloadAssembly (529ms)
			LoadAssemblies (109ms)
			RebuildTransferFunctionScriptingTraits (0ms)
			SetupTypeCache (164ms)
			ReleaseScriptCaches (0ms)
			RebuildScriptCaches (35ms)
			SetupLoadedEditorAssemblies (264ms)
				LogAssemblyErrors (0ms)
				InitializePlatformSupportModulesInManaged (13ms)
				SetLoadedEditorAssemblies (0ms)
				RefreshPlugins (70ms)
				BeforeProcessingInitializeOnLoad (1ms)
				ProcessInitializeOnLoadAttributes (131ms)
				ProcessInitializeOnLoadMethodAttributes (49ms)
				AfterProcessingInitializeOnLoad (0ms)
				EditorAssembliesLoaded (0ms)
			ExecutionOrderSort2 (0ms)
			AwakeInstancesAfterBackupRestoration (0ms)
Platform modules already initialized, skipping
Registering precompiled user dll's ...
Registered in 0.010536 seconds.
Begin MonoManager ReloadAssembly
Native extension for WindowsStandalone target not found
Native extension for WebGL target not found
Refreshing native plugins compatible for Editor in 0.88 ms, found 2 plugins.
Preloading 0 native plugins for Editor in 0.00 ms.
Package Manager log level set to [2]
Mono: successfully reloaded assembly
- Completed reload, in  1.185 seconds
Domain Reload Profiling:
	ReloadAssembly (1185ms)
		BeginReloadAssembly (125ms)
			ExecutionOrderSort (0ms)
			DisableScriptedObjects (7ms)
			BackupInstance (0ms)
			ReleaseScriptingObjects (0ms)
			CreateAndSetChildDomain (24ms)
		EndReloadAssembly (924ms)
			LoadAssemblies (93ms)
			RebuildTransferFunctionScriptingTraits (0ms)
			SetupTypeCache (228ms)
			ReleaseScriptCaches (1ms)
			RebuildScriptCaches (59ms)
			SetupLoadedEditorAssemblies (501ms)
				LogAssemblyErrors (0ms)
				InitializePlatformSupportModulesInManaged (8ms)
				SetLoadedEditorAssemblies (0ms)
				RefreshPlugins (1ms)
				BeforeProcessingInitializeOnLoad (92ms)
				ProcessInitializeOnLoadAttributes (265ms)
				ProcessInitializeOnLoadMethodAttributes (125ms)
				AfterProcessingInitializeOnLoad (9ms)
				EditorAssembliesLoaded (0ms)
			ExecutionOrderSort2 (0ms)
			AwakeInstancesAfterBackupRestoration (8ms)
Platform modules already initialized, skipping
========================================================================
Worker process is ready to serve import requests
Launched and connected shader compiler UnityShaderCompiler.exe after 0.05 seconds
Refreshing native plugins compatible for Editor in 1.06 ms, found 2 plugins.
Preloading 0 native plugins for Editor in 0.00 ms.
Unloading 3005 Unused Serialized files (Serialized files now loaded: 0)
Unloading 90 unused Assets / (1.3 MB). Loaded Objects now: 3456.
Memory consumption went from 218.1 MB to 216.8 MB.
Total: 7.971000 ms (FindLiveObjects: 0.397600 ms CreateObjectMapping: 0.308800 ms MarkObjects: 6.988900 ms  DeleteObjects: 0.274200 ms)

AssetImportParameters requested are different than current active one (requested -> active):
  custom:video-decoder-ogg-theora: a1e56fd34408186e4bbccfd4996cb3dc -> 
  custom:container-muxer-webm: aa71ff27fc2769a1b78a27578f13a17b -> 
  custom:container-demuxer-webm: 4f35f7cbe854078d1ac9338744f61a02 -> 
  custom:video-encoder-webm-vp8: eb34c28f22e8b96e1ab97ce403110664 -> 
  custom:video-codec-MediaFoundation-h265: 746d11721c4dcdbdad8f713fa42b33f4 -> 
  custom:audio-encoder-webm-vorbis: bf7c407c2cedff20999df2af8eb42d56 -> 
  custom:framework-win-MediaFoundation: 216162199b28c13a410421893ffa2e32 -> 
  custom:container-demuxer-ogg: 62fdf1f143b41e24485cea50d1cbac27 -> 
  custom:video-decoder-webm-vp8: 9c59270c3fd7afecdb556c50c9e8de78 -> 
  custom:audio-decoder-ogg-vorbis: bf7c407c2cedff20999df2af8eb42d56 -> 
========================================================================
Received Import Request.
  Time since last request: 63069.975684 seconds.
  path: Assets/Materials/Bathroom/Floor2.mat
  artifactKey: Guid(f8ba66300c2d0334191f55068fbbfe82) Importer(815301076,1909f56bfc062723c751e8b465ee728b)
Start importing Assets/Materials/Bathroom/Floor2.mat using Guid(f8ba66300c2d0334191f55068fbbfe82) Importer(815301076,1909f56bfc062723c751e8b465ee728b)  -> (artifact id: 'f5bbaead2412fc849ed5d3c1350086a4') in 0.167946 seconds 
========================================================================
Received Import Request.
  Time since last request: 0.000029 seconds.
  path: Assets/Photon/PhotonUnityNetworking/Demos/Shared Assets/Skin/Jura-Medium.ttf
  artifactKey: Guid(e00995507c2406448b4c8429136104dd) Importer(815301076,1909f56bfc062723c751e8b465ee728b)
Start importing Assets/Photon/PhotonUnityNetworking/Demos/Shared Assets/Skin/Jura-Medium.ttf using Guid(e00995507c2406448b4c8429136104dd) Importer(815301076,1909f56bfc062723c751e8b465ee728b)  -> (artifact id: '26d48697dfebad0601ffdf102bc4971a') in 0.026816 seconds 
========================================================================
Received Import Request.
  Time since last request: 0.148917 seconds.
  path: Assets/TextMesh Pro/Examples & Extras/Fonts/Bangers.ttf
  artifactKey: Guid(5dd49b3eacc540408c98eee0de38e0f1) Importer(815301076,1909f56bfc062723c751e8b465ee728b)
Start importing Assets/TextMesh Pro/Examples & Extras/Fonts/Bangers.ttf using Guid(5dd49b3eacc540408c98eee0de38e0f1) Importer(815301076,1909f56bfc062723c751e8b465ee728b)  -> (artifact id: '8143402d22029970b128b219e5fbb318') in 0.016434 seconds 
========================================================================
Received Import Request.
  Time since last request: 0.000020 seconds.
  path: Assets/TextMesh Pro/Examples & Extras/Fonts/Roboto-Bold.ttf
  artifactKey: Guid(4beb055f07aaff244873dec698d0363e) Importer(815301076,1909f56bfc062723c751e8b465ee728b)
Start importing Assets/TextMesh Pro/Examples & Extras/Fonts/Roboto-Bold.ttf using Guid(4beb055f07aaff244873dec698d0363e) Importer(815301076,1909f56bfc062723c751e8b465ee728b)  -> (artifact id: '556b69e757dbe8e2339a7e8575587732') in 0.019471 seconds 
========================================================================
Received Import Request.
  Time since last request: 0.000028 seconds.
  path: Assets/TextMesh Pro/Fonts/LiberationSans.ttf
  artifactKey: Guid(e3265ab4bf004d28a9537516768c1c75) Importer(815301076,1909f56bfc062723c751e8b465ee728b)
Start importing Assets/TextMesh Pro/Fonts/LiberationSans.ttf using Guid(e3265ab4bf004d28a9537516768c1c75) Importer(815301076,1909f56bfc062723c751e8b465ee728b)  -> (artifact id: '86e85d55384b22641579099d0f1ce7e8') in 0.019469 seconds 
========================================================================
Received Import Request.
  Time since last request: 0.000041 seconds.
  path: Assets/TextMesh Pro/Resources/Fonts & Materials/greek SDF.asset
  artifactKey: Guid(6f2453c1bcc50de488f7a6ef4a17539f) Importer(815301076,1909f56bfc062723c751e8b465ee728b)
Start importing Assets/TextMesh Pro/Resources/Fonts & Materials/greek SDF.asset using Guid(6f2453c1bcc50de488f7a6ef4a17539f) Importer(815301076,1909f56bfc062723c751e8b465ee728b)  -> (artifact id: 'f56c2d2c13c54ab34687ef5a5cffd943') in 0.047484 seconds 
========================================================================
Received Import Request.
  Time since last request: 0.000030 seconds.
  path: Assets/Photon/PhotonUnityNetworking/Demos/Shared Assets/Skin/Jura-Flat-Material.mat
  artifactKey: Guid(c190da5d14d0e904ba512abe82018576) Importer(815301076,1909f56bfc062723c751e8b465ee728b)
Start importing Assets/Photon/PhotonUnityNetworking/Demos/Shared Assets/Skin/Jura-Flat-Material.mat using Guid(c190da5d14d0e904ba512abe82018576) Importer(815301076,1909f56bfc062723c751e8b465ee728b)  -> (artifact id: 'a5df5a3cf24be27e0e0747d0d10f3659') in 0.015234 seconds 
========================================================================
Received Import Request.
  Time since last request: 0.345355 seconds.
  path: Assets/Models/Diningroom/Floor_Diningroom.fbx
  artifactKey: Guid(698328cb89c262d47803daf585012ed8) Importer(815301076,1909f56bfc062723c751e8b465ee728b)
Start importing Assets/Models/Diningroom/Floor_Diningroom.fbx using Guid(698328cb89c262d47803daf585012ed8) Importer(815301076,1909f56bfc062723c751e8b465ee728b)  -> (artifact id: '5a9778522bdf014b20058b0adb7d01df') in 0.067606 seconds 
========================================================================
Received Import Request.
  Time since last request: 0.230120 seconds.
  path: Assets/TextMesh Pro/Examples & Extras/Resources/Fonts & Materials/LiberationSans SDF - Soft Mask.mat
  artifactKey: Guid(42df1c7856584b6b8db9a509b6b10074) Importer(815301076,1909f56bfc062723c751e8b465ee728b)
Start importing Assets/TextMesh Pro/Examples & Extras/Resources/Fonts & Materials/LiberationSans SDF - Soft Mask.mat using Guid(42df1c7856584b6b8db9a509b6b10074) Importer(815301076,1909f56bfc062723c751e8b465ee728b)  -> (artifact id: 'f5012e654ded778459b753dcb4a02150') in 0.035352 seconds 
========================================================================
Received Import Request.
  Time since last request: 0.000029 seconds.
  path: Assets/Materials/Corridor/Light_Glass.mat
  artifactKey: Guid(d50d52e4c69a3cf45bf45594297ca6c4) Importer(815301076,1909f56bfc062723c751e8b465ee728b)
Start importing Assets/Materials/Corridor/Light_Glass.mat using Guid(d50d52e4c69a3cf45bf45594297ca6c4) Importer(815301076,1909f56bfc062723c751e8b465ee728b)  -> (artifact id: '82475f57abd1cdae44e3e3751573e468') in 0.024186 seconds 
========================================================================
Received Import Request.
  Time since last request: 13.704083 seconds.
  path: Assets/Photon/Projectiles/spear 1.fbx
  artifactKey: Guid(87aaf1016f327b44ba8d0038d0a7dd11) Importer(815301076,1909f56bfc062723c751e8b465ee728b)
Start importing Assets/Photon/Projectiles/spear 1.fbx using Guid(87aaf1016f327b44ba8d0038d0a7dd11) Importer(815301076,1909f56bfc062723c751e8b465ee728b)  -> (artifact id: '700716fa2f95c62f9d8d9d9361429b2d') in 0.725448 seconds 
========================================================================
Received Prepare
Registering precompiled user dll's ...
Registered in 0.009160 seconds.
Begin MonoManager ReloadAssembly
Native extension for WindowsStandalone target not found
Native extension for WebGL target not found
Refreshing native plugins compatible for Editor in 1.35 ms, found 2 plugins.
Preloading 0 native plugins for Editor in 0.00 ms.
Mono: successfully reloaded assembly
- Completed reload, in  1.318 seconds
Domain Reload Profiling:
	ReloadAssembly (1318ms)
		BeginReloadAssembly (183ms)
			ExecutionOrderSort (0ms)
			DisableScriptedObjects (8ms)
			BackupInstance (0ms)
			ReleaseScriptingObjects (0ms)
			CreateAndSetChildDomain (51ms)
		EndReloadAssembly (1003ms)
			LoadAssemblies (114ms)
			RebuildTransferFunctionScriptingTraits (0ms)
			SetupTypeCache (273ms)
			ReleaseScriptCaches (1ms)
			RebuildScriptCaches (44ms)
			SetupLoadedEditorAssemblies (536ms)
				LogAssemblyErrors (0ms)
				InitializePlatformSupportModulesInManaged (21ms)
				SetLoadedEditorAssemblies (1ms)
				RefreshPlugins (1ms)
				BeforeProcessingInitializeOnLoad (81ms)
				ProcessInitializeOnLoadAttributes (277ms)
				ProcessInitializeOnLoadMethodAttributes (143ms)
				AfterProcessingInitializeOnLoad (12ms)
				EditorAssembliesLoaded (0ms)
			ExecutionOrderSort2 (0ms)
			AwakeInstancesAfterBackupRestoration (9ms)
Platform modules already initialized, skipping
Refreshing native plugins compatible for Editor in 8.52 ms, found 2 plugins.
Preloading 0 native plugins for Editor in 0.00 ms.
Unloading 2955 Unused Serialized files (Serialized files now loaded: 0)
Unloading 67 unused Assets / (1.3 MB). Loaded Objects now: 3521.
Memory consumption went from 218.4 MB to 217.1 MB.
Total: 7.556700 ms (FindLiveObjects: 0.301300 ms CreateObjectMapping: 0.181300 ms MarkObjects: 6.677000 ms  DeleteObjects: 0.395900 ms)

AssetImportParameters requested are different than current active one (requested -> active):
  custom:video-decoder-ogg-theora: a1e56fd34408186e4bbccfd4996cb3dc -> 
  custom:container-muxer-webm: aa71ff27fc2769a1b78a27578f13a17b -> 
  custom:container-demuxer-webm: 4f35f7cbe854078d1ac9338744f61a02 -> 
  custom:video-encoder-webm-vp8: eb34c28f22e8b96e1ab97ce403110664 -> 
  custom:video-codec-MediaFoundation-h265: 746d11721c4dcdbdad8f713fa42b33f4 -> 
  custom:audio-encoder-webm-vorbis: bf7c407c2cedff20999df2af8eb42d56 -> 
  custom:framework-win-MediaFoundation: 216162199b28c13a410421893ffa2e32 -> 
  custom:container-demuxer-ogg: 62fdf1f143b41e24485cea50d1cbac27 -> 
  custom:video-decoder-webm-vp8: 9c59270c3fd7afecdb556c50c9e8de78 -> 
  custom:audio-decoder-ogg-vorbis: bf7c407c2cedff20999df2af8eb42d56 -> 
========================================================================
Received Import Request.
  Time since last request: 69.901140 seconds.
  path: Assets/Resources/JohnLemon.prefab
  artifactKey: Guid(e58a8494f35e17f45ba5bbffdfb92517) Importer(815301076,1909f56bfc062723c751e8b465ee728b)
Start importing Assets/Resources/JohnLemon.prefab using Guid(e58a8494f35e17f45ba5bbffdfb92517) Importer(815301076,1909f56bfc062723c751e8b465ee728b)  -> (artifact id: '5804ce0370d18a1a79d4f593b0336dde') in 0.116169 seconds 
========================================================================
Received Import Request.
  Time since last request: 5.568112 seconds.
  path: Assets/Resources/JohnLemon.prefab
  artifactKey: Guid(e58a8494f35e17f45ba5bbffdfb92517) Importer(815301076,1909f56bfc062723c751e8b465ee728b)
Start importing Assets/Resources/JohnLemon.prefab using Guid(e58a8494f35e17f45ba5bbffdfb92517) Importer(815301076,1909f56bfc062723c751e8b465ee728b)  -> (artifact id: 'e4ab3686ae66d821919142f088cf77de') in 0.042951 seconds 
========================================================================
Received Prepare
Registering precompiled user dll's ...
Registered in 0.008578 seconds.
Begin MonoManager ReloadAssembly
Native extension for WindowsStandalone target not found
Native extension for WebGL target not found
Refreshing native plugins compatible for Editor in 1.47 ms, found 2 plugins.
Preloading 0 native plugins for Editor in 0.00 ms.
Mono: successfully reloaded assembly
- Completed reload, in  1.098 seconds
Domain Reload Profiling:
	ReloadAssembly (1099ms)
		BeginReloadAssembly (136ms)
			ExecutionOrderSort (0ms)
			DisableScriptedObjects (5ms)
			BackupInstance (0ms)
			ReleaseScriptingObjects (0ms)
			CreateAndSetChildDomain (40ms)
		EndReloadAssembly (860ms)
			LoadAssemblies (97ms)
			RebuildTransferFunctionScriptingTraits (0ms)
			SetupTypeCache (218ms)
			ReleaseScriptCaches (1ms)
			RebuildScriptCaches (48ms)
			SetupLoadedEditorAssemblies (460ms)
				LogAssemblyErrors (0ms)
				InitializePlatformSupportModulesInManaged (15ms)
				SetLoadedEditorAssemblies (1ms)
				RefreshPlugins (2ms)
				BeforeProcessingInitializeOnLoad (68ms)
				ProcessInitializeOnLoadAttributes (244ms)
				ProcessInitializeOnLoadMethodAttributes (122ms)
				AfterProcessingInitializeOnLoad (9ms)
				EditorAssembliesLoaded (0ms)
			ExecutionOrderSort2 (0ms)
			AwakeInstancesAfterBackupRestoration (6ms)
Platform modules already initialized, skipping
Refreshing native plugins compatible for Editor in 5.81 ms, found 2 plugins.
Preloading 0 native plugins for Editor in 0.00 ms.
Unloading 2955 Unused Serialized files (Serialized files now loaded: 0)
Unloading 71 unused Assets / (1.3 MB). Loaded Objects now: 3540.
Memory consumption went from 218.6 MB to 217.2 MB.
Total: 6.939100 ms (FindLiveObjects: 0.225500 ms CreateObjectMapping: 0.169600 ms MarkObjects: 6.286100 ms  DeleteObjects: 0.256900 ms)

AssetImportParameters requested are different than current active one (requested -> active):
  custom:video-decoder-ogg-theora: a1e56fd34408186e4bbccfd4996cb3dc -> 
  custom:container-muxer-webm: aa71ff27fc2769a1b78a27578f13a17b -> 
  custom:container-demuxer-webm: 4f35f7cbe854078d1ac9338744f61a02 -> 
  custom:video-encoder-webm-vp8: eb34c28f22e8b96e1ab97ce403110664 -> 
  custom:video-codec-MediaFoundation-h265: 746d11721c4dcdbdad8f713fa42b33f4 -> 
  custom:audio-encoder-webm-vorbis: bf7c407c2cedff20999df2af8eb42d56 -> 
  custom:framework-win-MediaFoundation: 216162199b28c13a410421893ffa2e32 -> 
  custom:container-demuxer-ogg: 62fdf1f143b41e24485cea50d1cbac27 -> 
  custom:video-decoder-webm-vp8: 9c59270c3fd7afecdb556c50c9e8de78 -> 
  custom:audio-decoder-ogg-vorbis: bf7c407c2cedff20999df2af8eb42d56 -> 
========================================================================
Received Import Request.
  Time since last request: 35.977442 seconds.
  path: Assets/Scenes/MainScene.unity
  artifactKey: Guid(139fe7247bf905647981ad2d31d0f39e) Importer(815301076,1909f56bfc062723c751e8b465ee728b)
Start importing Assets/Scenes/MainScene.unity using Guid(139fe7247bf905647981ad2d31d0f39e) Importer(815301076,1909f56bfc062723c751e8b465ee728b)  -> (artifact id: '3ceb53926507dff9f91d419cc28c9bef') in 0.020919 seconds 
========================================================================
Received Import Request.
  Time since last request: 79.024033 seconds.
  path: Assets/Animation/Animation
  artifactKey: Guid(16c12986779f71343a6e6759d132b35e) Importer(815301076,1909f56bfc062723c751e8b465ee728b)
Start importing Assets/Animation/Animation using Guid(16c12986779f71343a6e6759d132b35e) Importer(815301076,1909f56bfc062723c751e8b465ee728b)  -> (artifact id: '4ba53b235f01fc48fa0b955d36d36537') in 0.006212 seconds 
========================================================================
Received Import Request.
  Time since last request: 0.056879 seconds.
  path: Assets/Animation/Animation/Gargoyle@Idle.fbx
  artifactKey: Guid(475d389e70692ca4abb09caca1aef9ae) Importer(815301076,1909f56bfc062723c751e8b465ee728b)
Start importing Assets/Animation/Animation/Gargoyle@Idle.fbx using Guid(475d389e70692ca4abb09caca1aef9ae) Importer(815301076,1909f56bfc062723c751e8b465ee728b)  -> (artifact id: '31953cfa05144b3e4b638bb614a3ef29') in 0.105907 seconds 
========================================================================
Received Import Request.
  Time since last request: 0.000017 seconds.
  path: Assets/Animation/Animation/John@Idle.fbx
  artifactKey: Guid(873202b19b03a8a4e976f0b15d21cd24) Importer(815301076,1909f56bfc062723c751e8b465ee728b)
Start importing Assets/Animation/Animation/John@Idle.fbx using Guid(873202b19b03a8a4e976f0b15d21cd24) Importer(815301076,1909f56bfc062723c751e8b465ee728b)  -> (artifact id: '6e504396d36c307468215212c77a6f58') in 0.027262 seconds 
========================================================================
Received Import Request.
  Time since last request: 0.000026 seconds.
  path: Assets/Animation/Animation/John@Walk.fbx
  artifactKey: Guid(da1625e6a723d1745a6ba7f6565a130f) Importer(815301076,1909f56bfc062723c751e8b465ee728b)
Start importing Assets/Animation/Animation/John@Walk.fbx using Guid(da1625e6a723d1745a6ba7f6565a130f) Importer(815301076,1909f56bfc062723c751e8b465ee728b)  -> (artifact id: '21dcb7dfb253f90c99a36130f2a0cea4') in 0.025561 seconds 
========================================================================
Received Import Request.
  Time since last request: 8.204939 seconds.
  path: Assets/Animation/Animation/coin_animation.anim
  artifactKey: Guid(4cdcd68dd391155469141e47f6c515b7) Importer(815301076,1909f56bfc062723c751e8b465ee728b)
Start importing Assets/Animation/Animation/coin_animation.anim using Guid(4cdcd68dd391155469141e47f6c515b7) Importer(815301076,1909f56bfc062723c751e8b465ee728b)  -> (artifact id: '7886d35ba19b8007a08be8e0a8c6cb42') in 0.008715 seconds 
========================================================================
Received Import Request.
  Time since last request: 48.998702 seconds.
  path: Assets/Animation/Animation/Coin.controller
  artifactKey: Guid(c3246e964451d6c4784235599b7b572c) Importer(815301076,1909f56bfc062723c751e8b465ee728b)
Start importing Assets/Animation/Animation/Coin.controller using Guid(c3246e964451d6c4784235599b7b572c) Importer(815301076,1909f56bfc062723c751e8b465ee728b)  -> (artifact id: 'dd33e73631d02e80f8b497ebd68f96a5') in 0.009391 seconds 
========================================================================
Received Prepare
Registering precompiled user dll's ...
Registered in 0.011471 seconds.
Begin MonoManager ReloadAssembly
Native extension for WindowsStandalone target not found
Native extension for WebGL target not found
Refreshing native plugins compatible for Editor in 1.31 ms, found 2 plugins.
Preloading 0 native plugins for Editor in 0.00 ms.
Mono: successfully reloaded assembly
- Completed reload, in  1.053 seconds
Domain Reload Profiling:
	ReloadAssembly (1054ms)
		BeginReloadAssembly (139ms)
			ExecutionOrderSort (0ms)
			DisableScriptedObjects (6ms)
			BackupInstance (0ms)
			ReleaseScriptingObjects (0ms)
			CreateAndSetChildDomain (40ms)
		EndReloadAssembly (816ms)
			LoadAssemblies (94ms)
			RebuildTransferFunctionScriptingTraits (0ms)
			SetupTypeCache (198ms)
			ReleaseScriptCaches (1ms)
			RebuildScriptCaches (46ms)
			SetupLoadedEditorAssemblies (443ms)
				LogAssemblyErrors (0ms)
				InitializePlatformSupportModulesInManaged (17ms)
				SetLoadedEditorAssemblies (1ms)
				RefreshPlugins (1ms)
				BeforeProcessingInitializeOnLoad (72ms)
				ProcessInitializeOnLoadAttributes (224ms)
				ProcessInitializeOnLoadMethodAttributes (120ms)
				AfterProcessingInitializeOnLoad (9ms)
				EditorAssembliesLoaded (0ms)
			ExecutionOrderSort2 (0ms)
			AwakeInstancesAfterBackupRestoration (6ms)
Platform modules already initialized, skipping
Refreshing native plugins compatible for Editor in 6.14 ms, found 2 plugins.
Preloading 0 native plugins for Editor in 0.00 ms.
Unloading 2955 Unused Serialized files (Serialized files now loaded: 0)
Unloading 67 unused Assets / (1.3 MB). Loaded Objects now: 3556.
Memory consumption went from 218.6 MB to 217.3 MB.
Total: 5.948600 ms (FindLiveObjects: 0.361200 ms CreateObjectMapping: 0.235700 ms MarkObjects: 5.106900 ms  DeleteObjects: 0.243600 ms)

AssetImportParameters requested are different than current active one (requested -> active):
  custom:video-decoder-ogg-theora: a1e56fd34408186e4bbccfd4996cb3dc -> 
  custom:container-muxer-webm: aa71ff27fc2769a1b78a27578f13a17b -> 
  custom:container-demuxer-webm: 4f35f7cbe854078d1ac9338744f61a02 -> 
  custom:video-encoder-webm-vp8: eb34c28f22e8b96e1ab97ce403110664 -> 
  custom:video-codec-MediaFoundation-h265: 746d11721c4dcdbdad8f713fa42b33f4 -> 
  custom:audio-encoder-webm-vorbis: bf7c407c2cedff20999df2af8eb42d56 -> 
  custom:framework-win-MediaFoundation: 216162199b28c13a410421893ffa2e32 -> 
  custom:container-demuxer-ogg: 62fdf1f143b41e24485cea50d1cbac27 -> 
  custom:video-decoder-webm-vp8: 9c59270c3fd7afecdb556c50c9e8de78 -> 
  custom:audio-decoder-ogg-vorbis: bf7c407c2cedff20999df2af8eb42d56 -> 
========================================================================
Received Import Request.
  Time since last request: 36.622423 seconds.
  path: Assets/Scenes/MainScene.unity
  artifactKey: Guid(139fe7247bf905647981ad2d31d0f39e) Importer(815301076,1909f56bfc062723c751e8b465ee728b)
Start importing Assets/Scenes/MainScene.unity using Guid(139fe7247bf905647981ad2d31d0f39e) Importer(815301076,1909f56bfc062723c751e8b465ee728b)  -> (artifact id: 'e3061b44bc63a5502d6d3733ebc74391') in 0.009907 seconds 
========================================================================
Received Import Request.
  Time since last request: 4.559888 seconds.
  path: Assets/Models/Bathroom/BathTub.fbx
  artifactKey: Guid(450fb73028c576343ae0321cd675ac52) Importer(815301076,1909f56bfc062723c751e8b465ee728b)
Start importing Assets/Models/Bathroom/BathTub.fbx using Guid(450fb73028c576343ae0321cd675ac52) Importer(815301076,1909f56bfc062723c751e8b465ee728b)  -> (artifact id: '403581d30e92a7ca1e739935c9248a9b') in 0.100495 seconds 
========================================================================
Received Import Request.
  Time since last request: 0.000029 seconds.
  path: Assets/Models/Bathroom/Mirror.fbx
  artifactKey: Guid(c0a26f31b736dae4a8f2591c0eda0980) Importer(815301076,1909f56bfc062723c751e8b465ee728b)
Start importing Assets/Models/Bathroom/Mirror.fbx using Guid(c0a26f31b736dae4a8f2591c0eda0980) Importer(815301076,1909f56bfc062723c751e8b465ee728b)  -> (artifact id: '7891beba496518beddafdfffcab0ea0a') in 0.027782 seconds 
========================================================================
Received Import Request.
  Time since last request: 0.000030 seconds.
  path: Assets/Models/Bathroom/Pipe.fbx
  artifactKey: Guid(47e2eca61228faf488b365896acb3218) Importer(815301076,1909f56bfc062723c751e8b465ee728b)
Start importing Assets/Models/Bathroom/Pipe.fbx using Guid(47e2eca61228faf488b365896acb3218) Importer(815301076,1909f56bfc062723c751e8b465ee728b)  -> (artifact id: '5913962296ec9d429c5eabcf6de97a03') in 0.023193 seconds 
========================================================================
Received Import Request.
  Time since last request: 0.000060 seconds.
  path: Assets/Models/Bathroom/Radiator.fbx
  artifactKey: Guid(19e3879d616ebf74bbfa7790d48acfad) Importer(815301076,1909f56bfc062723c751e8b465ee728b)
Start importing Assets/Models/Bathroom/Radiator.fbx using Guid(19e3879d616ebf74bbfa7790d48acfad) Importer(815301076,1909f56bfc062723c751e8b465ee728b)  -> (artifact id: '76bfaccc32765acd9bc5f7f538ba8862') in 0.030169 seconds 
Editor requested this worker to shutdown with reason: Scaling down because of idle timeout
AssetImportWorker is now disconnected from the server
Process exiting
Exiting without the bug reporter. Application will terminate with return code 0