Using pre-set license
Built from '2021.3/staging' branch; Version is '2021.3.16f1 (4016570cf34f) revision 4200023'; Using compiler version '192829333'; Build Type 'Release'
OS: 'Windows 11  (10.0.22621) 64bit Core' Language: 'en' Physical Memory: 16236 MB
BatchMode: 1, IsHumanControllingUs: 0, StartBugReporterOnCrash: 0, Is64bit: 1, IsPro: 1

COMMAND LINE ARGUMENTS:
C:\Program Files\Unity\Hub\Editor\2021.3.16f1\Editor\Unity.exe
-adb2
-batchMode
-noUpm
-name
AssetImportWorker3
-projectPath
C:/Users/tanma/Documents/GitHub/webdev-tanmarcus/Studio-Project-4/John Lemon's Haunted Jaunt
-logFile
Logs/AssetImportWorker3.log
-srvPort
52841
Successfully changed project path to: C:/Users/tanma/Documents/GitHub/webdev-tanmarcus/Studio-Project-4/John Lemon's Haunted Jaunt
C:/Users/tanma/Documents/GitHub/webdev-tanmarcus/Studio-Project-4/John Lemon's Haunted Jaunt
[UnityMemory] Configuration Parameters - Can be set up in boot.config
    "memorysetup-bucket-allocator-granularity=16"
    "memorysetup-bucket-allocator-bucket-count=8"
    "memorysetup-bucket-allocator-block-size=33554432"
    "memorysetup-bucket-allocator-block-count=8"
    "memorysetup-main-allocator-block-size=16777216"
    "memorysetup-thread-allocator-block-size=16777216"
    "memorysetup-gfx-main-allocator-block-size=16777216"
    "memorysetup-gfx-thread-allocator-block-size=16777216"
    "memorysetup-cache-allocator-block-size=4194304"
    "memorysetup-typetree-allocator-block-size=2097152"
    "memorysetup-profiler-bucket-allocator-granularity=16"
    "memorysetup-profiler-bucket-allocator-bucket-count=8"
    "memorysetup-profiler-bucket-allocator-block-size=33554432"
    "memorysetup-profiler-bucket-allocator-block-count=8"
    "memorysetup-profiler-allocator-block-size=16777216"
    "memorysetup-profiler-editor-allocator-block-size=1048576"
    "memorysetup-temp-allocator-size-main=16777216"
    "memorysetup-job-temp-allocator-block-size=2097152"
    "memorysetup-job-temp-allocator-block-size-background=1048576"
    "memorysetup-job-temp-allocator-reduction-small-platforms=262144"
    "memorysetup-temp-allocator-size-background-worker=32768"
    "memorysetup-temp-allocator-size-job-worker=262144"
    "memorysetup-temp-allocator-size-preload-manager=33554432"
    "memorysetup-temp-allocator-size-nav-mesh-worker=65536"
    "memorysetup-temp-allocator-size-audio-worker=65536"
    "memorysetup-temp-allocator-size-cloud-worker=32768"
    "memorysetup-temp-allocator-size-gi-baking-worker=262144"
    "memorysetup-temp-allocator-size-gfx=262144"
Player connection [31912] Host "[IP] 172.20.10.2 [Port] 0 [Flags] 2 [Guid] 3538528573 [EditorId] 3538528573 [Version] 1048832 [Id] WindowsEditor(7,Marcus) [Debug] 1 [PackageName] WindowsEditor [ProjectName] Editor" joined multi-casting on [225.0.0.222:54997]...

Player connection [31912] Host "[IP] 172.20.10.2 [Port] 0 [Flags] 2 [Guid] 3538528573 [EditorId] 3538528573 [Version] 1048832 [Id] WindowsEditor(7,Marcus) [Debug] 1 [PackageName] WindowsEditor [ProjectName] Editor" joined alternative multi-casting on [225.0.0.222:34997]...

Refreshing native plugins compatible for Editor in 62.35 ms, found 2 plugins.
Preloading 0 native plugins for Editor in 0.00 ms.
Initialize engine version: 2021.3.16f1 (4016570cf34f)
[Subsystems] Discovering subsystems at path C:/Program Files/Unity/Hub/Editor/2021.3.16f1/Editor/Data/Resources/UnitySubsystems
[Subsystems] Discovering subsystems at path C:/Users/tanma/Documents/GitHub/webdev-tanmarcus/Studio-Project-4/John Lemon's Haunted Jaunt/Assets
GfxDevice: creating device client; threaded=0; jobified=0
Direct3D:
    Version:  Direct3D 11.0 [level 11.1]
    Renderer: AMD Radeon RX 6600M (ID=0x73ff)
    Vendor:   ATI
    VRAM:     8146 MB
    Driver:   31.0.12029.10015
Initialize mono
Mono path[0] = 'C:/Program Files/Unity/Hub/Editor/2021.3.16f1/Editor/Data/Managed'
Mono path[1] = 'C:/Program Files/Unity/Hub/Editor/2021.3.16f1/Editor/Data/MonoBleedingEdge/lib/mono/unityjit-win32'
Mono config path = 'C:/Program Files/Unity/Hub/Editor/2021.3.16f1/Editor/Data/MonoBleedingEdge/etc'
Using monoOptions --debugger-agent=transport=dt_socket,embedding=1,server=y,suspend=n,address=127.0.0.1:56720
Begin MonoManager ReloadAssembly
Registering precompiled unity dll's ...
Register platform support module: C:/Program Files/Unity/Hub/Editor/2021.3.16f1/Editor/Data/PlaybackEngines/WebGLSupport/UnityEditor.WebGL.Extensions.dll
Register platform support module: C:/Program Files/Unity/Hub/Editor/2021.3.16f1/Editor/Data/PlaybackEngines/WindowsStandaloneSupport/UnityEditor.WindowsStandalone.Extensions.dll
Registered in 0.004842 seconds.
Native extension for WindowsStandalone target not found
Native extension for WebGL target not found
Refreshing native plugins compatible for Editor in 47.72 ms, found 2 plugins.
Preloading 0 native plugins for Editor in 0.00 ms.
Mono: successfully reloaded assembly
- Completed reload, in  0.560 seconds
Domain Reload Profiling:
	ReloadAssembly (561ms)
		BeginReloadAssembly (83ms)
			ExecutionOrderSort (0ms)
			DisableScriptedObjects (0ms)
			BackupInstance (0ms)
			ReleaseScriptingObjects (0ms)
			CreateAndSetChildDomain (1ms)
		EndReloadAssembly (365ms)
			LoadAssemblies (80ms)
			RebuildTransferFunctionScriptingTraits (0ms)
			SetupTypeCache (103ms)
			ReleaseScriptCaches (0ms)
			RebuildScriptCaches (21ms)
			SetupLoadedEditorAssemblies (196ms)
				LogAssemblyErrors (0ms)
				InitializePlatformSupportModulesInManaged (7ms)
				SetLoadedEditorAssemblies (0ms)
				RefreshPlugins (48ms)
				BeforeProcessingInitializeOnLoad (1ms)
				ProcessInitializeOnLoadAttributes (100ms)
				ProcessInitializeOnLoadMethodAttributes (40ms)
				AfterProcessingInitializeOnLoad (0ms)
				EditorAssembliesLoaded (0ms)
			ExecutionOrderSort2 (0ms)
			AwakeInstancesAfterBackupRestoration (0ms)
Platform modules already initialized, skipping
Registering precompiled user dll's ...
Registered in 0.005939 seconds.
Begin MonoManager ReloadAssembly
Native extension for WindowsStandalone target not found
Native extension for WebGL target not found
Refreshing native plugins compatible for Editor in 1.56 ms, found 2 plugins.
Preloading 0 native plugins for Editor in 0.00 ms.
Mono: successfully reloaded assembly
- Completed reload, in  0.640 seconds
Domain Reload Profiling:
	ReloadAssembly (641ms)
		BeginReloadAssembly (110ms)
			ExecutionOrderSort (0ms)
			DisableScriptedObjects (5ms)
			BackupInstance (0ms)
			ReleaseScriptingObjects (0ms)
			CreateAndSetChildDomain (22ms)
		EndReloadAssembly (410ms)
			LoadAssemblies (65ms)
			RebuildTransferFunctionScriptingTraits (0ms)
			SetupTypeCache (122ms)
			ReleaseScriptCaches (0ms)
			RebuildScriptCaches (27ms)
			SetupLoadedEditorAssemblies (169ms)
				LogAssemblyErrors (0ms)
				InitializePlatformSupportModulesInManaged (6ms)
				SetLoadedEditorAssemblies (0ms)
				RefreshPlugins (2ms)
				BeforeProcessingInitializeOnLoad (59ms)
				ProcessInitializeOnLoadAttributes (80ms)
				ProcessInitializeOnLoadMethodAttributes (15ms)
				AfterProcessingInitializeOnLoad (7ms)
				EditorAssembliesLoaded (0ms)
			ExecutionOrderSort2 (0ms)
			AwakeInstancesAfterBackupRestoration (7ms)
Platform modules already initialized, skipping
========================================================================
Worker process is ready to serve import requests
Failed to load shader (instanceID 410, GUID 67f9497810829eb4791ec19e95781e51)
Failed to load shader (instanceID 460, GUID 14eb328de4b8eb245bb7cea29e4ac00b)
Failed to load shader (instanceID 468, GUID 68e6db2ebdc24f95958faec2be5558d6)
Failed to load shader (instanceID 426, GUID f997a3dc9254c44459323cced085150c)
Failed to load shader (instanceID 422, GUID e8ce9961912f3214586fe8709b9012c1)
Failed to load shader (instanceID 420, GUID 382151503e2a43a4ebb7366d1632731d)
Failed to load shader (instanceID 418, GUID f7ea35cfb33fcad4ab8f2429ec103bef)
Failed to load shader (instanceID 414, GUID d7640629310e79646af0f46eb55ae466)
Failed to load shader (instanceID 392, GUID 3020ac7ece79a7f4eb789a236f8bd6c5)
Failed to load shader (instanceID 472, GUID bc1ede39bf3643ee8e493720e4259791)
Failed to load shader (instanceID 434, GUID 5bb6ef6f3e1b20348b4fdb01e4c404e2)
Failed to load shader (instanceID 478, GUID fe393ace9b354375a9cb14cdbbc28be4)
Failed to load shader (instanceID 446, GUID fe144c7e314047f4bb779d555c5405ac)
Failed to load shader (instanceID 452, GUID ce34212e0d9bc444ba1af3f2df6c6533)
Failed to load shader (instanceID 480, GUID cf81c85f95fe47e1a27f6ae460cf182c)
Failed to load shader (instanceID 390, GUID 9c442dc870b456e48b615cd8add0e9ef)
Failed to load shader (instanceID 406, GUID 34a819c9e33402547a81619693adc8d5)
Failed to load shader (instanceID 458, GUID 128e987d567d4e2c824d754223b3f3b0)
Failed to load shader (instanceID 416, GUID f75014305794b3948a3c6d5ccd550e05)
Failed to load shader (instanceID 402, GUID 02d2da9bc88d25c4d878c1ed4e0b3854)
Failed to load shader (instanceID 470, GUID c8d12adcee749c344b8117cf7c7eb912)
Failed to load shader (instanceID 424, GUID b958ad1c92bd3d64c9e61318b8681dab)
Failed to load shader (instanceID 464, GUID f7ada0af4f174f0694ca6a487b8f543d)
Failed to load shader (instanceID 474, GUID dd89cf5b9246416f84610a006f916af7)
Failed to load shader (instanceID 408, GUID e4e5d566a8aa9914c906555a6857fcb9)
Failed to load shader (instanceID 404, GUID b34a29e523cb9d545881e193a079f2df)
Failed to load shader (instanceID 430, GUID 7ad194cbe7d006f4bace915156972026)
Failed to load shader (instanceID 448, GUID 5d4e2edecb5241c47ae2c2e9d26ae05d)
Failed to load shader (instanceID 438, GUID 0d8afcb51cc9f0349a6d190da929b838)
Failed to load shader (instanceID 454, GUID 953d6c4c7f7ec324d860efb0db9c68ff)
Failed to load shader (instanceID 436, GUID 2c459b89a7c8b1a4fbefe0d81341651c)
Failed to load shader (instanceID 442, GUID 0ef78d24e85a44f4da9d5b5eaa00e50b)
Failed to load shader (instanceID 428, GUID 5ab0816423f0dfe45841cab3b05ec9ef)
Failed to load shader (instanceID 440, GUID cdbdb71de5f9c454b980f6d0e87f0afb)
Failed to load shader (instanceID 450, GUID 1eb9c0266056a2e4cb9ec2719955e6c7)
Failed to load shader (instanceID 432, GUID 4bf4cff0d0bac3d43894e2e8839feb40)
Failed to load shader (instanceID 398, GUID 81af42a93ade3dd46a9b583d4eec76d6)
Failed to load shader (instanceID 412, GUID a71093f2a4fe26a40805c22739e10e4a)
Failed to load shader (instanceID 400, GUID c1e1d3119c6fd4646aea0b4b74cacc1a)
Failed to load shader (instanceID 466, GUID 48bb5f55d8670e349b6e614913f9d910)
Failed to load shader (instanceID 394, GUID 4117fce9491711c4094d33a048e36e73)
Failed to load shader (instanceID 462, GUID 85187c2149c549c5b33f0cdb02836b17)
Failed to load shader (instanceID 444, GUID de7f3ac52268a194383c7d62c2a343c1)
Failed to load shader (instanceID 456, GUID a02a7d8c237544f1962732b55a9aebf1)
Failed to load shader (instanceID 396, GUID 51bcf79c50dc92e47ba87821b61100c3)
Failed to load shader (instanceID 476, GUID 1e3b057af24249748ff873be7fafee47)
Launched and connected shader compiler UnityShaderCompiler.exe after 0.05 seconds
Refreshing native plugins compatible for Editor in 2.46 ms, found 2 plugins.
Preloading 0 native plugins for Editor in 0.00 ms.
Unloading 1516 Unused Serialized files (Serialized files now loaded: 0)
Unloading 37 unused Assets / (30.2 KB). Loaded Objects now: 1988.
Memory consumption went from 163.3 MB to 163.3 MB.
Total: 2.944200 ms (FindLiveObjects: 0.197300 ms CreateObjectMapping: 0.036900 ms MarkObjects: 2.673000 ms  DeleteObjects: 0.035500 ms)

AssetImportParameters requested are different than current active one (requested -> active):
  custom:video-decoder-ogg-theora: a1e56fd34408186e4bbccfd4996cb3dc -> 
  custom:container-muxer-webm: aa71ff27fc2769a1b78a27578f13a17b -> 
  custom:container-demuxer-webm: 4f35f7cbe854078d1ac9338744f61a02 -> 
  custom:video-encoder-webm-vp8: eb34c28f22e8b96e1ab97ce403110664 -> 
  custom:video-codec-MediaFoundation-h265: 746d11721c4dcdbdad8f713fa42b33f4 -> 
  custom:audio-encoder-webm-vorbis: bf7c407c2cedff20999df2af8eb42d56 -> 
  custom:framework-win-MediaFoundation: 216162199b28c13a410421893ffa2e32 -> 
  custom:container-demuxer-ogg: 62fdf1f143b41e24485cea50d1cbac27 -> 
  custom:video-decoder-webm-vp8: 9c59270c3fd7afecdb556c50c9e8de78 -> 
  custom:audio-decoder-ogg-vorbis: bf7c407c2cedff20999df2af8eb42d56 -> 
========================================================================
Received Import Request.
  Time since last request: 8202.433449 seconds.
  path: Assets/Resources/arrow.prefab
  artifactKey: Guid(03d75b35a68f6144da0e4f70241a94b1) Importer(815301076,1909f56bfc062723c751e8b465ee728b)
Start importing Assets/Resources/arrow.prefab using Guid(03d75b35a68f6144da0e4f70241a94b1) Importer(815301076,1909f56bfc062723c751e8b465ee728b)  -> (artifact id: '023b0884a8a1d180c846e15016de4d82') in 0.055185 seconds 
========================================================================
Received Import Request.
  Time since last request: 0.000022 seconds.
  path: Assets/Resources/trident.prefab
  artifactKey: Guid(da539726c9444444b9951473732379af) Importer(815301076,1909f56bfc062723c751e8b465ee728b)
Start importing Assets/Resources/trident.prefab using Guid(da539726c9444444b9951473732379af) Importer(815301076,1909f56bfc062723c751e8b465ee728b)  -> (artifact id: '162ddca81446924e3adc9926efb5accd') in 0.008964 seconds 
========================================================================
Received Import Request.
  Time since last request: 0.000031 seconds.
  path: Assets/Resources/Bomb.fbx
  artifactKey: Guid(ccdad3ce076517a409b9361244f21753) Importer(815301076,1909f56bfc062723c751e8b465ee728b)
Start importing Assets/Resources/Bomb.fbx using Guid(ccdad3ce076517a409b9361244f21753) Importer(815301076,1909f56bfc062723c751e8b465ee728b)  -> (artifact id: 'ca58f59c9d5bfc4e0408550c64616c36') in 0.362398 seconds 
========================================================================
Received Import Request.
  Time since last request: 41.694965 seconds.
  path: Assets/TextMesh Pro/Examples & Extras/Resources/Fonts & Materials/Anton SDF - Outline.mat
  artifactKey: Guid(a00013af81304728b2be1f4309ee2433) Importer(815301076,1909f56bfc062723c751e8b465ee728b)
Start importing Assets/TextMesh Pro/Examples & Extras/Resources/Fonts & Materials/Anton SDF - Outline.mat using Guid(a00013af81304728b2be1f4309ee2433) Importer(815301076,1909f56bfc062723c751e8b465ee728b)  -> (artifact id: 'e987cd7f39308cc40b75050cad6ede60') in 0.040841 seconds 
Editor requested this worker to shutdown with reason: Scaling down because of idle timeout
AssetImportWorker is now disconnected from the server
Process exiting
Exiting without the bug reporter. Application will terminate with return code 0