Using pre-set license
Built from '2021.3/staging' branch; Version is '2021.3.16f1 (4016570cf34f) revision 4200023'; Using compiler version '192829333'; Build Type 'Release'
OS: 'Windows 10  (10.0.19044) 64bit Core' Language: 'en' Physical Memory: 15789 MB
BatchMode: 1, IsHumanControllingUs: 0, StartBugReporterOnCrash: 0, Is64bit: 1, IsPro: 1

COMMAND LINE ARGUMENTS:
C:\Program Files\Unity\Hub\Editor\2021.3.16f1\Editor\Unity.exe
-adb2
-batchMode
-noUpm
-name
AssetImportWorker1
-projectPath
C:/Users/kruls/OneDrive/Documents/GitHub/Studio-Project-4/John Lemon's Haunted Jaunt
-logFile
Logs/AssetImportWorker1.log
-srvPort
57160
Successfully changed project path to: C:/Users/kruls/OneDrive/Documents/GitHub/Studio-Project-4/John Lemon's Haunted Jaunt
C:/Users/kruls/OneDrive/Documents/GitHub/Studio-Project-4/John Lemon's Haunted Jaunt
[UnityMemory] Configuration Parameters - Can be set up in boot.config
    "memorysetup-bucket-allocator-granularity=16"
    "memorysetup-bucket-allocator-bucket-count=8"
    "memorysetup-bucket-allocator-block-size=33554432"
    "memorysetup-bucket-allocator-block-count=8"
    "memorysetup-main-allocator-block-size=16777216"
    "memorysetup-thread-allocator-block-size=16777216"
    "memorysetup-gfx-main-allocator-block-size=16777216"
    "memorysetup-gfx-thread-allocator-block-size=16777216"
    "memorysetup-cache-allocator-block-size=4194304"
    "memorysetup-typetree-allocator-block-size=2097152"
    "memorysetup-profiler-bucket-allocator-granularity=16"
    "memorysetup-profiler-bucket-allocator-bucket-count=8"
    "memorysetup-profiler-bucket-allocator-block-size=33554432"
    "memorysetup-profiler-bucket-allocator-block-count=8"
    "memorysetup-profiler-allocator-block-size=16777216"
    "memorysetup-profiler-editor-allocator-block-size=1048576"
    "memorysetup-temp-allocator-size-main=16777216"
    "memorysetup-job-temp-allocator-block-size=2097152"
    "memorysetup-job-temp-allocator-block-size-background=1048576"
    "memorysetup-job-temp-allocator-reduction-small-platforms=262144"
    "memorysetup-temp-allocator-size-background-worker=32768"
    "memorysetup-temp-allocator-size-job-worker=262144"
    "memorysetup-temp-allocator-size-preload-manager=33554432"
    "memorysetup-temp-allocator-size-nav-mesh-worker=65536"
    "memorysetup-temp-allocator-size-audio-worker=65536"
    "memorysetup-temp-allocator-size-cloud-worker=32768"
    "memorysetup-temp-allocator-size-gi-baking-worker=262144"
    "memorysetup-temp-allocator-size-gfx=262144"
Player connection [27860] Host "[IP] 192.168.239.190 [Port] 0 [Flags] 2 [Guid] 3739299121 [EditorId] 3739299121 [Version] 1048832 [Id] WindowsEditor(7,Cyclades-G14) [Debug] 1 [PackageName] WindowsEditor [ProjectName] Editor" joined multi-casting on [225.0.0.222:54997]...

Player connection [27860] Host "[IP] 192.168.239.190 [Port] 0 [Flags] 2 [Guid] 3739299121 [EditorId] 3739299121 [Version] 1048832 [Id] WindowsEditor(7,Cyclades-G14) [Debug] 1 [PackageName] WindowsEditor [ProjectName] Editor" joined alternative multi-casting on [225.0.0.222:34997]...

Refreshing native plugins compatible for Editor in 98.48 ms, found 2 plugins.
Preloading 0 native plugins for Editor in 0.00 ms.
Initialize engine version: 2021.3.16f1 (4016570cf34f)
[Subsystems] Discovering subsystems at path C:/Program Files/Unity/Hub/Editor/2021.3.16f1/Editor/Data/Resources/UnitySubsystems
[Subsystems] Discovering subsystems at path C:/Users/kruls/OneDrive/Documents/GitHub/Studio-Project-4/John Lemon's Haunted Jaunt/Assets
GfxDevice: creating device client; threaded=0; jobified=0
Direct3D:
    Version:  Direct3D 11.0 [level 11.1]
    Renderer: NVIDIA GeForce GTX 1650 Ti (ID=0x2192)
    Vendor:   NVIDIA
    VRAM:     3949 MB
Initialize mono
Mono path[0] = 'C:/Program Files/Unity/Hub/Editor/2021.3.16f1/Editor/Data/Managed'
Mono path[1] = 'C:/Program Files/Unity/Hub/Editor/2021.3.16f1/Editor/Data/MonoBleedingEdge/lib/mono/unityjit-win32'
Mono config path = 'C:/Program Files/Unity/Hub/Editor/2021.3.16f1/Editor/Data/MonoBleedingEdge/etc'
Using monoOptions --debugger-agent=transport=dt_socket,embedding=1,server=y,suspend=n,address=127.0.0.1:56272
Begin MonoManager ReloadAssembly
Registering precompiled unity dll's ...
Register platform support module: C:/Program Files/Unity/Hub/Editor/2021.3.16f1/Editor/Data/PlaybackEngines/WebGLSupport/UnityEditor.WebGL.Extensions.dll
Register platform support module: C:/Program Files/Unity/Hub/Editor/2021.3.16f1/Editor/Data/PlaybackEngines/WindowsStandaloneSupport/UnityEditor.WindowsStandalone.Extensions.dll
Registered in 0.016053 seconds.
Native extension for WindowsStandalone target not found
Native extension for WebGL target not found
Refreshing native plugins compatible for Editor in 78.09 ms, found 2 plugins.
Preloading 0 native plugins for Editor in 0.00 ms.
Mono: successfully reloaded assembly
- Completed reload, in  0.792 seconds
Domain Reload Profiling:
	ReloadAssembly (793ms)
		BeginReloadAssembly (124ms)
			ExecutionOrderSort (0ms)
			DisableScriptedObjects (0ms)
			BackupInstance (0ms)
			ReleaseScriptingObjects (0ms)
			CreateAndSetChildDomain (1ms)
		EndReloadAssembly (512ms)
			LoadAssemblies (119ms)
			RebuildTransferFunctionScriptingTraits (0ms)
			SetupTypeCache (128ms)
			ReleaseScriptCaches (0ms)
			RebuildScriptCaches (33ms)
			SetupLoadedEditorAssemblies (283ms)
				LogAssemblyErrors (0ms)
				InitializePlatformSupportModulesInManaged (12ms)
				SetLoadedEditorAssemblies (0ms)
				RefreshPlugins (78ms)
				BeforeProcessingInitializeOnLoad (1ms)
				ProcessInitializeOnLoadAttributes (137ms)
				ProcessInitializeOnLoadMethodAttributes (54ms)
				AfterProcessingInitializeOnLoad (0ms)
				EditorAssembliesLoaded (0ms)
			ExecutionOrderSort2 (0ms)
			AwakeInstancesAfterBackupRestoration (0ms)
Platform modules already initialized, skipping
Registering precompiled user dll's ...
Registered in 0.017735 seconds.
Begin MonoManager ReloadAssembly
Native extension for WindowsStandalone target not found
Native extension for WebGL target not found
Refreshing native plugins compatible for Editor in 1.12 ms, found 2 plugins.
Preloading 0 native plugins for Editor in 0.00 ms.
Package Manager log level set to [2]
Mono: successfully reloaded assembly
- Completed reload, in  1.275 seconds
Domain Reload Profiling:
	ReloadAssembly (1276ms)
		BeginReloadAssembly (131ms)
			ExecutionOrderSort (0ms)
			DisableScriptedObjects (5ms)
			BackupInstance (0ms)
			ReleaseScriptingObjects (0ms)
			CreateAndSetChildDomain (22ms)
		EndReloadAssembly (1002ms)
			LoadAssemblies (131ms)
			RebuildTransferFunctionScriptingTraits (0ms)
			SetupTypeCache (249ms)
			ReleaseScriptCaches (1ms)
			RebuildScriptCaches (71ms)
			SetupLoadedEditorAssemblies (509ms)
				LogAssemblyErrors (0ms)
				InitializePlatformSupportModulesInManaged (9ms)
				SetLoadedEditorAssemblies (0ms)
				RefreshPlugins (1ms)
				BeforeProcessingInitializeOnLoad (94ms)
				ProcessInitializeOnLoadAttributes (260ms)
				ProcessInitializeOnLoadMethodAttributes (130ms)
				AfterProcessingInitializeOnLoad (14ms)
				EditorAssembliesLoaded (0ms)
			ExecutionOrderSort2 (0ms)
			AwakeInstancesAfterBackupRestoration (9ms)
Platform modules already initialized, skipping
========================================================================
Worker process is ready to serve import requests
Launched and connected shader compiler UnityShaderCompiler.exe after 0.07 seconds
Refreshing native plugins compatible for Editor in 0.94 ms, found 2 plugins.
Preloading 0 native plugins for Editor in 0.00 ms.
Unloading 2979 Unused Serialized files (Serialized files now loaded: 0)
Unloading 90 unused Assets / (1.3 MB). Loaded Objects now: 3430.
Memory consumption went from 218.0 MB to 216.7 MB.
Total: 6.618600 ms (FindLiveObjects: 0.319000 ms CreateObjectMapping: 0.182500 ms MarkObjects: 5.730000 ms  DeleteObjects: 0.386100 ms)

AssetImportParameters requested are different than current active one (requested -> active):
  custom:video-decoder-ogg-theora: a1e56fd34408186e4bbccfd4996cb3dc -> 
  custom:container-muxer-webm: aa71ff27fc2769a1b78a27578f13a17b -> 
  custom:container-demuxer-webm: 4f35f7cbe854078d1ac9338744f61a02 -> 
  custom:video-encoder-webm-vp8: eb34c28f22e8b96e1ab97ce403110664 -> 
  custom:video-codec-MediaFoundation-h265: 746d11721c4dcdbdad8f713fa42b33f4 -> 
  custom:audio-encoder-webm-vorbis: bf7c407c2cedff20999df2af8eb42d56 -> 
  custom:framework-win-MediaFoundation: 216162199b28c13a410421893ffa2e32 -> 
  custom:container-demuxer-ogg: 62fdf1f143b41e24485cea50d1cbac27 -> 
  custom:video-decoder-webm-vp8: 9c59270c3fd7afecdb556c50c9e8de78 -> 
  custom:audio-decoder-ogg-vorbis: bf7c407c2cedff20999df2af8eb42d56 -> 
========================================================================
Received Import Request.
  Time since last request: 322276.209542 seconds.
  path: Assets/Textures/UI/Hermes.png
  artifactKey: Guid(5701ee410b81d8d49ae2d48d06f45871) Importer(815301076,1909f56bfc062723c751e8b465ee728b)
Start importing Assets/Textures/UI/Hermes.png using Guid(5701ee410b81d8d49ae2d48d06f45871) Importer(815301076,1909f56bfc062723c751e8b465ee728b)  -> (artifact id: 'fda8c6c28bf539ccad63339d00a7c12e') in 0.099652 seconds 
========================================================================
Received Import Request.
  Time since last request: 0.000035 seconds.
  path: Assets/Textures/UI/heaven.png
  artifactKey: Guid(4d9bdfb04803bd84ca34aeefeef43193) Importer(815301076,1909f56bfc062723c751e8b465ee728b)
Start importing Assets/Textures/UI/heaven.png using Guid(4d9bdfb04803bd84ca34aeefeef43193) Importer(815301076,1909f56bfc062723c751e8b465ee728b)  -> (artifact id: '5eaec150f044a4b07fe8557c3d362a66') in 0.032916 seconds 
========================================================================
Received Import Request.
  Time since last request: 0.000022 seconds.
  path: Assets/Textures/UI/Hades.png
  artifactKey: Guid(c23602df59d8ac947a6248741691bd94) Importer(815301076,1909f56bfc062723c751e8b465ee728b)
Start importing Assets/Textures/UI/Hades.png using Guid(c23602df59d8ac947a6248741691bd94) Importer(815301076,1909f56bfc062723c751e8b465ee728b)  -> (artifact id: 'be31fe8a8ee1bc74d0f7bebf5ff99f61') in 0.020134 seconds 
========================================================================
Received Import Request.
  Time since last request: 0.000034 seconds.
  path: Assets/Textures/UI/Poseidon.png
  artifactKey: Guid(ec5567753cd51ec47af2c0f4e4cdd564) Importer(815301076,1909f56bfc062723c751e8b465ee728b)
Start importing Assets/Textures/UI/Poseidon.png using Guid(ec5567753cd51ec47af2c0f4e4cdd564) Importer(815301076,1909f56bfc062723c751e8b465ee728b)  -> (artifact id: 'ca84e9eb8c2d74500a743b4caba55ee1') in 0.027178 seconds 
========================================================================
Received Import Request.
  Time since last request: 0.000033 seconds.
  path: Assets/Textures/UI/Athena.png
  artifactKey: Guid(6804fdd4fab234f44aba1d43b9d7a426) Importer(815301076,1909f56bfc062723c751e8b465ee728b)
Start importing Assets/Textures/UI/Athena.png using Guid(6804fdd4fab234f44aba1d43b9d7a426) Importer(815301076,1909f56bfc062723c751e8b465ee728b)  -> (artifact id: '3092d7e70df6fa7214c5e99fdf162fd6') in 0.017529 seconds 
========================================================================
Received Import Request.
  Time since last request: 0.000034 seconds.
  path: Assets/Textures/UI/Caught.png
  artifactKey: Guid(85d46c7add1129741a0d78fadba6998e) Importer(815301076,1909f56bfc062723c751e8b465ee728b)
Start importing Assets/Textures/UI/Caught.png using Guid(85d46c7add1129741a0d78fadba6998e) Importer(815301076,1909f56bfc062723c751e8b465ee728b)  -> (artifact id: '2f7126372b191dad6d9616f243413631') in 0.295984 seconds 
========================================================================
Received Import Request.
  Time since last request: 0.230017 seconds.
  path: Assets/Models/Projectiles/sword.fbx
  artifactKey: Guid(fe158bfbe8f22184e9b4e7c6e4d583a3) Importer(815301076,1909f56bfc062723c751e8b465ee728b)
Start importing Assets/Models/Projectiles/sword.fbx using Guid(fe158bfbe8f22184e9b4e7c6e4d583a3) Importer(815301076,1909f56bfc062723c751e8b465ee728b)  -> (artifact id: '600da57e351458b1a5c82b6b95bed772') in 0.148263 seconds 
========================================================================
Received Import Request.
  Time since last request: 22.784502 seconds.
  path: Assets/Resources/Bullet.prefab
  artifactKey: Guid(eafaeaed93cc8b443bbd49c7e05e4573) Importer(815301076,1909f56bfc062723c751e8b465ee728b)
Start importing Assets/Resources/Bullet.prefab using Guid(eafaeaed93cc8b443bbd49c7e05e4573) Importer(815301076,1909f56bfc062723c751e8b465ee728b)  -> (artifact id: 'a9d021ddce063829651c362eb962a305') in 0.019239 seconds 
========================================================================
Received Import Request.
  Time since last request: 0.000028 seconds.
  path: Assets/Resources/skull.prefab
  artifactKey: Guid(d101e35e910f44b4ebb64e4f514e808c) Importer(815301076,1909f56bfc062723c751e8b465ee728b)
Start importing Assets/Resources/skull.prefab using Guid(d101e35e910f44b4ebb64e4f514e808c) Importer(815301076,1909f56bfc062723c751e8b465ee728b)  -> (artifact id: 'ae14d2ac440f582bb662ad4ebb9cf020') in 0.007254 seconds 
========================================================================
Received Import Request.
  Time since last request: 0.000048 seconds.
  path: Assets/Resources/sword.prefab
  artifactKey: Guid(b75a39a514efec14693e9179a4e0e2fa) Importer(815301076,1909f56bfc062723c751e8b465ee728b)
Start importing Assets/Resources/sword.prefab using Guid(b75a39a514efec14693e9179a4e0e2fa) Importer(815301076,1909f56bfc062723c751e8b465ee728b)  -> (artifact id: '33bbcc0b29a87c83b2f2dd2c4ed80b61') in 0.007586 seconds 
========================================================================
Received Import Request.
  Time since last request: 0.000030 seconds.
  path: Assets/Resources/JohnLemon.prefab
  artifactKey: Guid(e58a8494f35e17f45ba5bbffdfb92517) Importer(815301076,1909f56bfc062723c751e8b465ee728b)
Start importing Assets/Resources/JohnLemon.prefab using Guid(e58a8494f35e17f45ba5bbffdfb92517) Importer(815301076,1909f56bfc062723c751e8b465ee728b)  -> (artifact id: 'a186cb9b7c38c91a19e3de9148ea52e5') in 0.088059 seconds 
========================================================================
Received Import Request.
  Time since last request: 65.476729 seconds.
  path: Assets/Photon/PhotonUnityNetworking/Demos/DemoSlotRacer/Kenney Assets/Racing Kit/Models/billboardLower.fbx
  artifactKey: Guid(271d69ba92e5ec94eaa3779f0ea4ce47) Importer(815301076,1909f56bfc062723c751e8b465ee728b)
Start importing Assets/Photon/PhotonUnityNetworking/Demos/DemoSlotRacer/Kenney Assets/Racing Kit/Models/billboardLower.fbx using Guid(271d69ba92e5ec94eaa3779f0ea4ce47) Importer(815301076,1909f56bfc062723c751e8b465ee728b)  -> (artifact id: '480f0f1591cf8433be04bb2fecedc57d') in 0.023736 seconds 
========================================================================
Received Import Request.
  Time since last request: 11.473547 seconds.
  path: Assets/Resources/skull.prefab
  artifactKey: Guid(d101e35e910f44b4ebb64e4f514e808c) Importer(815301076,1909f56bfc062723c751e8b465ee728b)
Start importing Assets/Resources/skull.prefab using Guid(d101e35e910f44b4ebb64e4f514e808c) Importer(815301076,1909f56bfc062723c751e8b465ee728b)  -> (artifact id: '2e2db7b9571b08bf007a44c92f274145') in 0.041897 seconds 
========================================================================
Received Import Request.
  Time since last request: 4.519282 seconds.
  path: Assets/Resources/HumanMale_Character_FREE.prefab
  artifactKey: Guid(60770bdb4dc667c45bea53db0339dc05) Importer(815301076,1909f56bfc062723c751e8b465ee728b)
Start importing Assets/Resources/HumanMale_Character_FREE.prefab using Guid(60770bdb4dc667c45bea53db0339dc05) Importer(815301076,1909f56bfc062723c751e8b465ee728b)  -> (artifact id: 'd68ba5802162d9010dd33baf8da68b5b') in 0.108243 seconds 
========================================================================
Received Import Request.
  Time since last request: 20.623970 seconds.
  path: Assets/Resources/sword.prefab
  artifactKey: Guid(b75a39a514efec14693e9179a4e0e2fa) Importer(815301076,1909f56bfc062723c751e8b465ee728b)
Start importing Assets/Resources/sword.prefab using Guid(b75a39a514efec14693e9179a4e0e2fa) Importer(815301076,1909f56bfc062723c751e8b465ee728b)  -> (artifact id: '422b87aec7ee50592bfa815a506a07da') in 0.011322 seconds 
========================================================================
Received Import Request.
  Time since last request: 17.309578 seconds.
  path: Assets/Resources/HumanMale_Character_FREE.prefab
  artifactKey: Guid(60770bdb4dc667c45bea53db0339dc05) Importer(815301076,1909f56bfc062723c751e8b465ee728b)
Start importing Assets/Resources/HumanMale_Character_FREE.prefab using Guid(60770bdb4dc667c45bea53db0339dc05) Importer(815301076,1909f56bfc062723c751e8b465ee728b)  -> (artifact id: '863b0b8bd4a2c5c3b66e021cf9193961') in 0.079647 seconds 
========================================================================
Received Import Request.
  Time since last request: 37.685014 seconds.
  path: Assets/Scenes/TestScene.unity
  artifactKey: Guid(ae0bc7552f2f8a347a1db19c9d2b5a07) Importer(815301076,1909f56bfc062723c751e8b465ee728b)
Start importing Assets/Scenes/TestScene.unity using Guid(ae0bc7552f2f8a347a1db19c9d2b5a07) Importer(815301076,1909f56bfc062723c751e8b465ee728b)  -> (artifact id: 'd92d9cddb0817017e6bab7c44fec2955') in 0.004316 seconds 
========================================================================
Received Import Request.
  Time since last request: 60.518260 seconds.
  path: Assets/Resources/HumanMale_Character_FREE.prefab
  artifactKey: Guid(60770bdb4dc667c45bea53db0339dc05) Importer(815301076,1909f56bfc062723c751e8b465ee728b)
Start importing Assets/Resources/HumanMale_Character_FREE.prefab using Guid(60770bdb4dc667c45bea53db0339dc05) Importer(815301076,1909f56bfc062723c751e8b465ee728b)  -> (artifact id: '92fbf07558137b20d99dd4705ae0f038') in 0.085908 seconds 
========================================================================
Received Import Request.
  Time since last request: 6.349096 seconds.
  path: Assets/Resources/arrow1.prefab
  artifactKey: Guid(d65f7c878c5442943aa0be2d639a451d) Importer(815301076,1909f56bfc062723c751e8b465ee728b)
Start importing Assets/Resources/arrow1.prefab using Guid(d65f7c878c5442943aa0be2d639a451d) Importer(815301076,1909f56bfc062723c751e8b465ee728b)  -> (artifact id: 'a110f967acc027537ff4b316034725e6') in 0.007178 seconds 
========================================================================
Received Import Request.
  Time since last request: 3.087218 seconds.
  path: Assets/Resources/HumanMale_Character_FREE.prefab
  artifactKey: Guid(60770bdb4dc667c45bea53db0339dc05) Importer(815301076,1909f56bfc062723c751e8b465ee728b)
Start importing Assets/Resources/HumanMale_Character_FREE.prefab using Guid(60770bdb4dc667c45bea53db0339dc05) Importer(815301076,1909f56bfc062723c751e8b465ee728b)  -> (artifact id: 'f225b815ba835b253bcec2ab2bd302bc') in 0.096863 seconds 
========================================================================
Received Import Request.
  Time since last request: 13.178769 seconds.
  path: Assets/arrow.prefab
  artifactKey: Guid(7b6cc71f10aab0b49a3f717f6f5f9083) Importer(815301076,1909f56bfc062723c751e8b465ee728b)
Start importing Assets/arrow.prefab using Guid(7b6cc71f10aab0b49a3f717f6f5f9083) Importer(815301076,1909f56bfc062723c751e8b465ee728b)  -> (artifact id: '310934d9ec60c711a844ba8c8030f062') in 0.012372 seconds 
========================================================================
Received Import Request.
  Time since last request: 16.337211 seconds.
  path: Assets/Resources/shield.prefab
  artifactKey: Guid(3ece5d17a9a631c48b53c67deed44201) Importer(815301076,1909f56bfc062723c751e8b465ee728b)
Start importing Assets/Resources/shield.prefab using Guid(3ece5d17a9a631c48b53c67deed44201) Importer(815301076,1909f56bfc062723c751e8b465ee728b)  -> (artifact id: '2b1c36c6f5dedb5bc21275645ae55864') in 0.020353 seconds 
========================================================================
Received Import Request.
  Time since last request: 2.912434 seconds.
  path: Assets/Resources/trident.prefab
  artifactKey: Guid(0f858ee6e9fc75e43a5e23aa4fddbd15) Importer(815301076,1909f56bfc062723c751e8b465ee728b)
Start importing Assets/Resources/trident.prefab using Guid(0f858ee6e9fc75e43a5e23aa4fddbd15) Importer(815301076,1909f56bfc062723c751e8b465ee728b)  -> (artifact id: '0687053d5e7aeaef01874fa3047bbad5') in 0.012454 seconds 
========================================================================
Received Import Request.
  Time since last request: 30.655975 seconds.
  path: Assets/Resources/trident.prefab
  artifactKey: Guid(0f858ee6e9fc75e43a5e23aa4fddbd15) Importer(815301076,1909f56bfc062723c751e8b465ee728b)
Start importing Assets/Resources/trident.prefab using Guid(0f858ee6e9fc75e43a5e23aa4fddbd15) Importer(815301076,1909f56bfc062723c751e8b465ee728b)  -> (artifact id: 'aeab611e12948659943423c9682a0475') in 0.012136 seconds 
========================================================================
Received Import Request.
  Time since last request: 22.910537 seconds.
  path: Assets/Resources/trident.prefab
  artifactKey: Guid(0f858ee6e9fc75e43a5e23aa4fddbd15) Importer(815301076,1909f56bfc062723c751e8b465ee728b)
Start importing Assets/Resources/trident.prefab using Guid(0f858ee6e9fc75e43a5e23aa4fddbd15) Importer(815301076,1909f56bfc062723c751e8b465ee728b)  -> (artifact id: 'f291a02a29912a7ee931fa4e5f189b06') in 0.013168 seconds 
========================================================================
Received Import Request.
  Time since last request: 10.454251 seconds.
  path: Assets/Resources/trident.prefab
  artifactKey: Guid(0f858ee6e9fc75e43a5e23aa4fddbd15) Importer(815301076,1909f56bfc062723c751e8b465ee728b)
Start importing Assets/Resources/trident.prefab using Guid(0f858ee6e9fc75e43a5e23aa4fddbd15) Importer(815301076,1909f56bfc062723c751e8b465ee728b)  -> (artifact id: '03aac183656b4f6c79905ab9a2f6bea8') in 0.011323 seconds 
========================================================================
Received Import Request.
  Time since last request: 9.243437 seconds.
  path: Assets/Resources/trident.prefab
  artifactKey: Guid(0f858ee6e9fc75e43a5e23aa4fddbd15) Importer(815301076,1909f56bfc062723c751e8b465ee728b)
Start importing Assets/Resources/trident.prefab using Guid(0f858ee6e9fc75e43a5e23aa4fddbd15) Importer(815301076,1909f56bfc062723c751e8b465ee728b)  -> (artifact id: 'c1abcde3a1cac7471e6396e59adf2264') in 0.013352 seconds 
========================================================================
Received Import Request.
  Time since last request: 9.212396 seconds.
  path: Assets/Resources/trident.prefab
  artifactKey: Guid(0f858ee6e9fc75e43a5e23aa4fddbd15) Importer(815301076,1909f56bfc062723c751e8b465ee728b)
Start importing Assets/Resources/trident.prefab using Guid(0f858ee6e9fc75e43a5e23aa4fddbd15) Importer(815301076,1909f56bfc062723c751e8b465ee728b)  -> (artifact id: 'd605edd5f815f4fd5f130e26d00e978b') in 0.012375 seconds 
========================================================================
Received Import Request.
  Time since last request: 38.020558 seconds.
  path: Assets/Photon/PhotonUnityNetworking/Demos/DemoSlotRacer/Kenney Assets/Stylized city/Materials/tank.mat
  artifactKey: Guid(479cbf10a2ba803449168e0148bcdbb5) Importer(815301076,1909f56bfc062723c751e8b465ee728b)
Start importing Assets/Photon/PhotonUnityNetworking/Demos/DemoSlotRacer/Kenney Assets/Stylized city/Materials/tank.mat using Guid(479cbf10a2ba803449168e0148bcdbb5) Importer(815301076,1909f56bfc062723c751e8b465ee728b)  -> (artifact id: '4807488c5883eea27ace75d2a925b88e') in 0.022374 seconds 
========================================================================
Received Import Request.
  Time since last request: 0.005014 seconds.
  path: Assets/Photon/PhotonUnityNetworking/Demos/Shared Assets/Animations/Materials/TongueMaterial.mat
  artifactKey: Guid(28498b9ebcb776a46b3c9479a664bfc7) Importer(815301076,1909f56bfc062723c751e8b465ee728b)
Start importing Assets/Photon/PhotonUnityNetworking/Demos/Shared Assets/Animations/Materials/TongueMaterial.mat using Guid(28498b9ebcb776a46b3c9479a664bfc7) Importer(815301076,1909f56bfc062723c751e8b465ee728b)  -> (artifact id: 'bf922763e20ac3f9c1e12d5406fe0411') in 0.016936 seconds 
========================================================================
Received Import Request.
  Time since last request: 0.000030 seconds.
  path: Assets/Photon/PhotonUnityNetworking/Demos/PunBasics-Tutorial/Materials/UnitTextureGreen12x.mat
  artifactKey: Guid(8c13ddd2bc8fa4e85943376cf7c8bf7d) Importer(815301076,1909f56bfc062723c751e8b465ee728b)
Start importing Assets/Photon/PhotonUnityNetworking/Demos/PunBasics-Tutorial/Materials/UnitTextureGreen12x.mat using Guid(8c13ddd2bc8fa4e85943376cf7c8bf7d) Importer(815301076,1909f56bfc062723c751e8b465ee728b)  -> (artifact id: 'ca4c9c1de56e85f4933759a84dbd9788') in 0.024462 seconds 
========================================================================
Received Import Request.
  Time since last request: 0.003275 seconds.
  path: Assets/Photon/PhotonUnityNetworking/Demos/Shared Assets/Materials/UnitCircleMaterial.mat
  artifactKey: Guid(fb6c12085a6b0a5429029fcd6478a816) Importer(815301076,1909f56bfc062723c751e8b465ee728b)
Start importing Assets/Photon/PhotonUnityNetworking/Demos/Shared Assets/Materials/UnitCircleMaterial.mat using Guid(fb6c12085a6b0a5429029fcd6478a816) Importer(815301076,1909f56bfc062723c751e8b465ee728b)  -> (artifact id: '5eeae0f231635ba707665cfb726f6a02') in 0.017946 seconds 
========================================================================
Received Import Request.
  Time since last request: 0.000033 seconds.
  path: Assets/Blink/Art/Characters/LowPoly/FREE_HumanLowPoly/Materials_Humans/Underwear.mat
  artifactKey: Guid(fbac7c1722f262145b9ed0c0e940864d) Importer(815301076,1909f56bfc062723c751e8b465ee728b)
Start importing Assets/Blink/Art/Characters/LowPoly/FREE_HumanLowPoly/Materials_Humans/Underwear.mat using Guid(fbac7c1722f262145b9ed0c0e940864d) Importer(815301076,1909f56bfc062723c751e8b465ee728b)  -> (artifact id: 'b5274e982d936ea0a0bd268a200cc17b') in 0.016889 seconds 
========================================================================
Received Import Request.
  Time since last request: 0.504060 seconds.
  path: Assets/Photon/PhotonUnityNetworking/Demos/Shared Assets/Materials/UnitTextureRed.mat
  artifactKey: Guid(4c506c95d32f3494e9453ef5c0124b0e) Importer(815301076,1909f56bfc062723c751e8b465ee728b)
Start importing Assets/Photon/PhotonUnityNetworking/Demos/Shared Assets/Materials/UnitTextureRed.mat using Guid(4c506c95d32f3494e9453ef5c0124b0e) Importer(815301076,1909f56bfc062723c751e8b465ee728b)  -> (artifact id: '250c74787de19f57b5ff5a4822667c6f') in 0.020117 seconds 
========================================================================
Received Import Request.
  Time since last request: 0.019665 seconds.
  path: Assets/Photon/PhotonUnityNetworking/Demos/PunBasics-Tutorial/Materials/UnitTextureYellow12x.mat
  artifactKey: Guid(ceba02e8dfaf34474b36fe43b51b69db) Importer(815301076,1909f56bfc062723c751e8b465ee728b)
Start importing Assets/Photon/PhotonUnityNetworking/Demos/PunBasics-Tutorial/Materials/UnitTextureYellow12x.mat using Guid(ceba02e8dfaf34474b36fe43b51b69db) Importer(815301076,1909f56bfc062723c751e8b465ee728b)  -> (artifact id: '6b5ad6ce452e0a81d995f3ce4e9d3a91') in 0.019341 seconds 
========================================================================
Received Import Request.
  Time since last request: 0.012897 seconds.
  path: Assets/Models/Corridor/Wall_Straight_01.fbx
  artifactKey: Guid(ca04dfc6bbf3c2e4a9601d58495fff52) Importer(815301076,1909f56bfc062723c751e8b465ee728b)
Start importing Assets/Models/Corridor/Wall_Straight_01.fbx using Guid(ca04dfc6bbf3c2e4a9601d58495fff52) Importer(815301076,1909f56bfc062723c751e8b465ee728b)  -> (artifact id: '63cdc17b160b293de90e68a92afca19d') in 0.048252 seconds 
========================================================================
Received Import Request.
  Time since last request: 0.026124 seconds.
  path: Assets/Models/Corridor/Wall_Corner_Exterior_Out.fbx
  artifactKey: Guid(8a4dc94854ea93147b8b87b7df72a8c1) Importer(815301076,1909f56bfc062723c751e8b465ee728b)
Start importing Assets/Models/Corridor/Wall_Corner_Exterior_Out.fbx using Guid(8a4dc94854ea93147b8b87b7df72a8c1) Importer(815301076,1909f56bfc062723c751e8b465ee728b)  -> (artifact id: '241d2b75a43ae38b7d518e762e22ab6e') in 0.020781 seconds 
========================================================================
Received Import Request.
  Time since last request: 0.227350 seconds.
  path: Assets/Materials/Bathroom/Wall_Bathroom.mat
  artifactKey: Guid(785750043eaf5004da3d0b54f39941c1) Importer(815301076,1909f56bfc062723c751e8b465ee728b)
Start importing Assets/Materials/Bathroom/Wall_Bathroom.mat using Guid(785750043eaf5004da3d0b54f39941c1) Importer(815301076,1909f56bfc062723c751e8b465ee728b)  -> (artifact id: '1e6d571e9963945c12eb52a648164757') in 0.021914 seconds 
========================================================================
Received Import Request.
  Time since last request: 0.000025 seconds.
  path: Assets/Materials/DiningRoom/Wall_Diningroom.mat
  artifactKey: Guid(af5618451dbad9c4a913f502e5c7df1e) Importer(815301076,1909f56bfc062723c751e8b465ee728b)
Start importing Assets/Materials/DiningRoom/Wall_Diningroom.mat using Guid(af5618451dbad9c4a913f502e5c7df1e) Importer(815301076,1909f56bfc062723c751e8b465ee728b)  -> (artifact id: '1f4f3b43c206bc17047ab2e106c209c9') in 0.028516 seconds 
========================================================================
Received Import Request.
  Time since last request: 0.000032 seconds.
  path: Assets/Materials/Bathroom/Walls.mat
  artifactKey: Guid(9dab67fd89e742e45a9d885d6e1e14a2) Importer(815301076,1909f56bfc062723c751e8b465ee728b)
Start importing Assets/Materials/Bathroom/Walls.mat using Guid(9dab67fd89e742e45a9d885d6e1e14a2) Importer(815301076,1909f56bfc062723c751e8b465ee728b)  -> (artifact id: '6d995682544c4484bf6dc48b1e8a8d19') in 0.022689 seconds 
========================================================================
Received Import Request.
  Time since last request: 0.000032 seconds.
  path: Assets/Photon/PhotonUnityNetworking/Demos/DemoSlotRacer/Kenney Assets/Racing Kit/Models/Materials/white.mat
  artifactKey: Guid(db16216c3f288ea4eb77dfefecada55a) Importer(815301076,1909f56bfc062723c751e8b465ee728b)
Start importing Assets/Photon/PhotonUnityNetworking/Demos/DemoSlotRacer/Kenney Assets/Racing Kit/Models/Materials/white.mat using Guid(db16216c3f288ea4eb77dfefecada55a) Importer(815301076,1909f56bfc062723c751e8b465ee728b)  -> (artifact id: 'b80d85e6981968210ddefb01d1048621') in 0.014182 seconds 
========================================================================
Received Import Request.
  Time since last request: 0.379467 seconds.
  path: Assets/Photon/PhotonUnityNetworking/Demos/DemoAsteroids/Materials/WhiteSmooth.mat
  artifactKey: Guid(b05171e12835ff84fb155f51d69d7c31) Importer(815301076,1909f56bfc062723c751e8b465ee728b)
Start importing Assets/Photon/PhotonUnityNetworking/Demos/DemoAsteroids/Materials/WhiteSmooth.mat using Guid(b05171e12835ff84fb155f51d69d7c31) Importer(815301076,1909f56bfc062723c751e8b465ee728b)  -> (artifact id: '62ff0edbdaab1b762e7b3dae11372b20') in 0.027180 seconds 
========================================================================
Received Import Request.
  Time since last request: 0.020020 seconds.
  path: Assets/Materials/Corridor/Window.mat
  artifactKey: Guid(5d7f4ca07121e414288c4908a4803bed) Importer(815301076,1909f56bfc062723c751e8b465ee728b)
Start importing Assets/Materials/Corridor/Window.mat using Guid(5d7f4ca07121e414288c4908a4803bed) Importer(815301076,1909f56bfc062723c751e8b465ee728b)  -> (artifact id: '7eaa50aba5d554debd6da258aa3714ed') in 0.038118 seconds 
========================================================================
Received Import Request.
  Time since last request: 0.012922 seconds.
  path: Assets/Photon/PhotonUnityNetworking/Demos/DemoProcedural/Materials/Yellow.mat
  artifactKey: Guid(90623549d4482f042ade35d8a0758e35) Importer(815301076,1909f56bfc062723c751e8b465ee728b)
Start importing Assets/Photon/PhotonUnityNetworking/Demos/DemoProcedural/Materials/Yellow.mat using Guid(90623549d4482f042ade35d8a0758e35) Importer(815301076,1909f56bfc062723c751e8b465ee728b)  -> (artifact id: 'b486a2bf060294b43cec08831a270fe5') in 0.011411 seconds 
========================================================================
Received Import Request.
  Time since last request: 6.107958 seconds.
  path: Assets/TextMesh Pro/Examples & Extras/Fonts/Bangers.ttf
  artifactKey: Guid(5dd49b3eacc540408c98eee0de38e0f1) Importer(815301076,1909f56bfc062723c751e8b465ee728b)
Start importing Assets/TextMesh Pro/Examples & Extras/Fonts/Bangers.ttf using Guid(5dd49b3eacc540408c98eee0de38e0f1) Importer(815301076,1909f56bfc062723c751e8b465ee728b)  -> (artifact id: '8143402d22029970b128b219e5fbb318') in 0.077936 seconds 
========================================================================
Received Prepare
Registering precompiled user dll's ...
Registered in 0.018881 seconds.
Begin MonoManager ReloadAssembly
Native extension for WindowsStandalone target not found
Native extension for WebGL target not found
Refreshing native plugins compatible for Editor in 1.00 ms, found 2 plugins.
Preloading 0 native plugins for Editor in 0.00 ms.
Mono: successfully reloaded assembly
- Completed reload, in  1.184 seconds
Domain Reload Profiling:
	ReloadAssembly (1185ms)
		BeginReloadAssembly (146ms)
			ExecutionOrderSort (0ms)
			DisableScriptedObjects (5ms)
			BackupInstance (0ms)
			ReleaseScriptingObjects (0ms)
			CreateAndSetChildDomain (35ms)
		EndReloadAssembly (928ms)
			LoadAssemblies (133ms)
			RebuildTransferFunctionScriptingTraits (0ms)
			SetupTypeCache (207ms)
			ReleaseScriptCaches (1ms)
			RebuildScriptCaches (39ms)
			SetupLoadedEditorAssemblies (512ms)
				LogAssemblyErrors (0ms)
				InitializePlatformSupportModulesInManaged (15ms)
				SetLoadedEditorAssemblies (0ms)
				RefreshPlugins (1ms)
				BeforeProcessingInitializeOnLoad (85ms)
				ProcessInitializeOnLoadAttributes (260ms)
				ProcessInitializeOnLoadMethodAttributes (136ms)
				AfterProcessingInitializeOnLoad (15ms)
				EditorAssembliesLoaded (0ms)
			ExecutionOrderSort2 (0ms)
			AwakeInstancesAfterBackupRestoration (10ms)
Platform modules already initialized, skipping
Refreshing native plugins compatible for Editor in 10.15 ms, found 2 plugins.
Preloading 0 native plugins for Editor in 0.00 ms.
Unloading 2929 Unused Serialized files (Serialized files now loaded: 0)
Unloading 71 unused Assets / (1.3 MB). Loaded Objects now: 3502.
Memory consumption went from 218.3 MB to 217.0 MB.
Total: 7.232900 ms (FindLiveObjects: 0.293000 ms CreateObjectMapping: 0.120900 ms MarkObjects: 6.361500 ms  DeleteObjects: 0.455100 ms)

AssetImportParameters requested are different than current active one (requested -> active):
  custom:video-decoder-ogg-theora: a1e56fd34408186e4bbccfd4996cb3dc -> 
  custom:container-muxer-webm: aa71ff27fc2769a1b78a27578f13a17b -> 
  custom:container-demuxer-webm: 4f35f7cbe854078d1ac9338744f61a02 -> 
  custom:video-encoder-webm-vp8: eb34c28f22e8b96e1ab97ce403110664 -> 
  custom:video-codec-MediaFoundation-h265: 746d11721c4dcdbdad8f713fa42b33f4 -> 
  custom:audio-encoder-webm-vorbis: bf7c407c2cedff20999df2af8eb42d56 -> 
  custom:framework-win-MediaFoundation: 216162199b28c13a410421893ffa2e32 -> 
  custom:container-demuxer-ogg: 62fdf1f143b41e24485cea50d1cbac27 -> 
  custom:video-decoder-webm-vp8: 9c59270c3fd7afecdb556c50c9e8de78 -> 
  custom:audio-decoder-ogg-vorbis: bf7c407c2cedff20999df2af8eb42d56 -> 
========================================================================
Received Prepare
Registering precompiled user dll's ...
Registered in 0.014723 seconds.
Begin MonoManager ReloadAssembly
Native extension for WindowsStandalone target not found
Native extension for WebGL target not found
Refreshing native plugins compatible for Editor in 0.99 ms, found 2 plugins.
Preloading 0 native plugins for Editor in 0.00 ms.
Mono: successfully reloaded assembly
- Completed reload, in  1.147 seconds
Domain Reload Profiling:
	ReloadAssembly (1148ms)
		BeginReloadAssembly (148ms)
			ExecutionOrderSort (0ms)
			DisableScriptedObjects (5ms)
			BackupInstance (0ms)
			ReleaseScriptingObjects (0ms)
			CreateAndSetChildDomain (33ms)
		EndReloadAssembly (874ms)
			LoadAssemblies (128ms)
			RebuildTransferFunctionScriptingTraits (0ms)
			SetupTypeCache (197ms)
			ReleaseScriptCaches (1ms)
			RebuildScriptCaches (41ms)
			SetupLoadedEditorAssemblies (473ms)
				LogAssemblyErrors (0ms)
				InitializePlatformSupportModulesInManaged (17ms)
				SetLoadedEditorAssemblies (1ms)
				RefreshPlugins (1ms)
				BeforeProcessingInitializeOnLoad (83ms)
				ProcessInitializeOnLoadAttributes (240ms)
				ProcessInitializeOnLoadMethodAttributes (117ms)
				AfterProcessingInitializeOnLoad (13ms)
				EditorAssembliesLoaded (0ms)
			ExecutionOrderSort2 (0ms)
			AwakeInstancesAfterBackupRestoration (7ms)
Platform modules already initialized, skipping
Refreshing native plugins compatible for Editor in 7.78 ms, found 2 plugins.
Preloading 0 native plugins for Editor in 0.00 ms.
Unloading 2929 Unused Serialized files (Serialized files now loaded: 0)
Unloading 67 unused Assets / (1.3 MB). Loaded Objects now: 3518.
Memory consumption went from 218.3 MB to 217.0 MB.
Total: 6.307200 ms (FindLiveObjects: 0.348400 ms CreateObjectMapping: 0.145700 ms MarkObjects: 5.484900 ms  DeleteObjects: 0.326700 ms)

AssetImportParameters requested are different than current active one (requested -> active):
  custom:video-decoder-ogg-theora: a1e56fd34408186e4bbccfd4996cb3dc -> 
  custom:container-muxer-webm: aa71ff27fc2769a1b78a27578f13a17b -> 
  custom:container-demuxer-webm: 4f35f7cbe854078d1ac9338744f61a02 -> 
  custom:video-encoder-webm-vp8: eb34c28f22e8b96e1ab97ce403110664 -> 
  custom:video-codec-MediaFoundation-h265: 746d11721c4dcdbdad8f713fa42b33f4 -> 
  custom:audio-encoder-webm-vorbis: bf7c407c2cedff20999df2af8eb42d56 -> 
  custom:framework-win-MediaFoundation: 216162199b28c13a410421893ffa2e32 -> 
  custom:container-demuxer-ogg: 62fdf1f143b41e24485cea50d1cbac27 -> 
  custom:video-decoder-webm-vp8: 9c59270c3fd7afecdb556c50c9e8de78 -> 
  custom:audio-decoder-ogg-vorbis: bf7c407c2cedff20999df2af8eb42d56 -> 
========================================================================
Received Prepare
Registering precompiled user dll's ...
Registered in 0.016610 seconds.
Begin MonoManager ReloadAssembly
Native extension for WindowsStandalone target not found
Native extension for WebGL target not found
Refreshing native plugins compatible for Editor in 0.94 ms, found 2 plugins.
Preloading 0 native plugins for Editor in 0.00 ms.
Mono: successfully reloaded assembly
- Completed reload, in  1.186 seconds
Domain Reload Profiling:
	ReloadAssembly (1187ms)
		BeginReloadAssembly (150ms)
			ExecutionOrderSort (0ms)
			DisableScriptedObjects (5ms)
			BackupInstance (0ms)
			ReleaseScriptingObjects (0ms)
			CreateAndSetChildDomain (36ms)
		EndReloadAssembly (920ms)
			LoadAssemblies (138ms)
			RebuildTransferFunctionScriptingTraits (0ms)
			SetupTypeCache (218ms)
			ReleaseScriptCaches (2ms)
			RebuildScriptCaches (44ms)
			SetupLoadedEditorAssemblies (478ms)
				LogAssemblyErrors (0ms)
				InitializePlatformSupportModulesInManaged (17ms)
				SetLoadedEditorAssemblies (0ms)
				RefreshPlugins (1ms)
				BeforeProcessingInitializeOnLoad (75ms)
				ProcessInitializeOnLoadAttributes (237ms)
				ProcessInitializeOnLoadMethodAttributes (134ms)
				AfterProcessingInitializeOnLoad (14ms)
				EditorAssembliesLoaded (0ms)
			ExecutionOrderSort2 (0ms)
			AwakeInstancesAfterBackupRestoration (9ms)
Platform modules already initialized, skipping
Refreshing native plugins compatible for Editor in 9.11 ms, found 2 plugins.
Preloading 0 native plugins for Editor in 0.00 ms.
Unloading 2929 Unused Serialized files (Serialized files now loaded: 0)
Unloading 67 unused Assets / (1.3 MB). Loaded Objects now: 3534.
Memory consumption went from 218.4 MB to 217.0 MB.
Total: 7.350900 ms (FindLiveObjects: 0.262600 ms CreateObjectMapping: 0.092200 ms MarkObjects: 6.141700 ms  DeleteObjects: 0.852000 ms)

AssetImportParameters requested are different than current active one (requested -> active):
  custom:video-decoder-ogg-theora: a1e56fd34408186e4bbccfd4996cb3dc -> 
  custom:container-muxer-webm: aa71ff27fc2769a1b78a27578f13a17b -> 
  custom:container-demuxer-webm: 4f35f7cbe854078d1ac9338744f61a02 -> 
  custom:video-encoder-webm-vp8: eb34c28f22e8b96e1ab97ce403110664 -> 
  custom:video-codec-MediaFoundation-h265: 746d11721c4dcdbdad8f713fa42b33f4 -> 
  custom:audio-encoder-webm-vorbis: bf7c407c2cedff20999df2af8eb42d56 -> 
  custom:framework-win-MediaFoundation: 216162199b28c13a410421893ffa2e32 -> 
  custom:container-demuxer-ogg: 62fdf1f143b41e24485cea50d1cbac27 -> 
  custom:video-decoder-webm-vp8: 9c59270c3fd7afecdb556c50c9e8de78 -> 
  custom:audio-decoder-ogg-vorbis: bf7c407c2cedff20999df2af8eb42d56 -> 
========================================================================
Received Prepare
Registering precompiled user dll's ...
Registered in 0.016172 seconds.
Begin MonoManager ReloadAssembly
Native extension for WindowsStandalone target not found
Native extension for WebGL target not found
Refreshing native plugins compatible for Editor in 1.14 ms, found 2 plugins.
Preloading 0 native plugins for Editor in 0.00 ms.
Mono: successfully reloaded assembly
- Completed reload, in  1.276 seconds
Domain Reload Profiling:
	ReloadAssembly (1277ms)
		BeginReloadAssembly (162ms)
			ExecutionOrderSort (0ms)
			DisableScriptedObjects (6ms)
			BackupInstance (0ms)
			ReleaseScriptingObjects (0ms)
			CreateAndSetChildDomain (36ms)
		EndReloadAssembly (998ms)
			LoadAssemblies (139ms)
			RebuildTransferFunctionScriptingTraits (0ms)
			SetupTypeCache (208ms)
			ReleaseScriptCaches (1ms)
			RebuildScriptCaches (52ms)
			SetupLoadedEditorAssemblies (554ms)
				LogAssemblyErrors (0ms)
				InitializePlatformSupportModulesInManaged (20ms)
				SetLoadedEditorAssemblies (1ms)
				RefreshPlugins (1ms)
				BeforeProcessingInitializeOnLoad (95ms)
				ProcessInitializeOnLoadAttributes (277ms)
				ProcessInitializeOnLoadMethodAttributes (144ms)
				AfterProcessingInitializeOnLoad (17ms)
				EditorAssembliesLoaded (0ms)
			ExecutionOrderSort2 (0ms)
			AwakeInstancesAfterBackupRestoration (11ms)
Platform modules already initialized, skipping
Refreshing native plugins compatible for Editor in 11.40 ms, found 2 plugins.
Preloading 0 native plugins for Editor in 0.00 ms.
Unloading 2929 Unused Serialized files (Serialized files now loaded: 0)
Unloading 67 unused Assets / (1.3 MB). Loaded Objects now: 3550.
Memory consumption went from 218.4 MB to 217.1 MB.
Total: 7.839600 ms (FindLiveObjects: 0.298600 ms CreateObjectMapping: 0.104500 ms MarkObjects: 6.781100 ms  DeleteObjects: 0.653000 ms)

AssetImportParameters requested are different than current active one (requested -> active):
  custom:video-decoder-ogg-theora: a1e56fd34408186e4bbccfd4996cb3dc -> 
  custom:container-muxer-webm: aa71ff27fc2769a1b78a27578f13a17b -> 
  custom:container-demuxer-webm: 4f35f7cbe854078d1ac9338744f61a02 -> 
  custom:video-encoder-webm-vp8: eb34c28f22e8b96e1ab97ce403110664 -> 
  custom:video-codec-MediaFoundation-h265: 746d11721c4dcdbdad8f713fa42b33f4 -> 
  custom:audio-encoder-webm-vorbis: bf7c407c2cedff20999df2af8eb42d56 -> 
  custom:framework-win-MediaFoundation: 216162199b28c13a410421893ffa2e32 -> 
  custom:container-demuxer-ogg: 62fdf1f143b41e24485cea50d1cbac27 -> 
  custom:video-decoder-webm-vp8: 9c59270c3fd7afecdb556c50c9e8de78 -> 
  custom:audio-decoder-ogg-vorbis: bf7c407c2cedff20999df2af8eb42d56 -> 
